[2018-03-01T17:00:12.954] [INFO] resLogger - 
*************** response log start ***************
request method: GET
request originalUrl:  /
request client ip:  ::1
request query:  {}
response time: 8
response status: 200
response body: 
{"_readableState":{"objectMode":false,"highWaterMark":65536,"buffer":{"head":null,"tail":null,"length":0},"length":0,"pipes":null,"pipesCount":0,"flowing":null,"ended":false,"endEmitted":false,"reading":false,"sync":true,"needReadable":false,"emittedReadable":false,"readableListening":false,"resumeScheduled":false,"destroyed":false,"defaultEncoding":"utf8","awaitDrain":0,"readingMore":false,"decoder":null,"encoding":null},"readable":true,"domain":null,"_events":{},"_eventsCount":2,"path":"/Users/mac/Documents/koa2-test/dist/index.html","fd":null,"flags":"r","mode":438,"autoClose":true,"bytesRead":0,"closed":false}
*************** response log end ***************

[2018-03-01T17:00:13.052] [INFO] resLogger - 
*************** response log start ***************
request method: GET
request originalUrl:  /d9ea1be67bbcc264534d0354ace0fc9e.ico
request client ip:  ::1
request query:  {}
response time: 1
response status: 200
response body: 
{"_readableState":{"objectMode":false,"highWaterMark":65536,"buffer":{"head":null,"tail":null,"length":0},"length":0,"pipes":null,"pipesCount":0,"flowing":null,"ended":false,"endEmitted":false,"reading":false,"sync":true,"needReadable":false,"emittedReadable":false,"readableListening":false,"resumeScheduled":false,"destroyed":false,"defaultEncoding":"utf8","awaitDrain":0,"readingMore":false,"decoder":null,"encoding":null},"readable":true,"domain":null,"_events":{},"_eventsCount":2,"path":"/Users/mac/Documents/koa2-test/dist/d9ea1be67bbcc264534d0354ace0fc9e.ico","fd":null,"flags":"r","mode":438,"autoClose":true,"bytesRead":0,"closed":false}
*************** response log end ***************

[2018-03-01T17:03:40.357] [INFO] resLogger - 
*************** response log start ***************
request method: GET
request originalUrl:  /
request client ip:  ::1
request query:  {}
response time: 1
response status: 200
response body: 
{"_readableState":{"objectMode":false,"highWaterMark":65536,"buffer":{"head":null,"tail":null,"length":0},"length":0,"pipes":null,"pipesCount":0,"flowing":null,"ended":false,"endEmitted":false,"reading":false,"sync":true,"needReadable":false,"emittedReadable":false,"readableListening":false,"resumeScheduled":false,"destroyed":false,"defaultEncoding":"utf8","awaitDrain":0,"readingMore":false,"decoder":null,"encoding":null},"readable":true,"domain":null,"_events":{},"_eventsCount":2,"path":"/Users/mac/Documents/koa2-test/dist/index.html","fd":null,"flags":"r","mode":438,"autoClose":true,"bytesRead":0,"closed":false}
*************** response log end ***************

[2018-03-01T17:31:33.756] [ERROR] errorLogger - 
*************** error log start ***************
request method: GET
request originalUrl:  /
request client ip:  ::1
request query:  {}
response time: 10
err name: Error
err message: ENOENT: no such file or directory, stat '/Users/mac/Documents/koa2-test/dist/index.html'
err stack: Error: ENOENT: no such file or directory, stat '/Users/mac/Documents/koa2-test/dist/index.html'
*************** error log end ***************

[2018-03-01T17:32:55.644] [INFO] resLogger - 
*************** response log start ***************
request method: GET
request originalUrl:  /
request client ip:  ::1
request query:  {}
response time: 12
response status: 200
response body: 
{"_readableState":{"objectMode":false,"highWaterMark":65536,"buffer":{"head":null,"tail":null,"length":0},"length":0,"pipes":null,"pipesCount":0,"flowing":null,"ended":false,"endEmitted":false,"reading":false,"sync":true,"needReadable":false,"emittedReadable":false,"readableListening":false,"resumeScheduled":false,"destroyed":false,"defaultEncoding":"utf8","awaitDrain":0,"readingMore":false,"decoder":null,"encoding":null},"readable":true,"domain":null,"_events":{},"_eventsCount":2,"path":"/Users/mac/Documents/koa2-test/dist/index.html","fd":null,"flags":"r","mode":438,"autoClose":true,"bytesRead":0,"closed":false}
*************** response log end ***************

[2018-03-01T17:32:55.687] [INFO] resLogger - 
*************** response log start ***************
request method: GET
request originalUrl:  /685889f1eeea6db0aa856378c6a00211.js
request client ip:  ::1
request query:  {}
response time: 8
response status: 200
response body: 
{"_readableState":{"objectMode":false,"highWaterMark":65536,"buffer":{"head":null,"tail":null,"length":0},"length":0,"pipes":null,"pipesCount":0,"flowing":null,"ended":false,"endEmitted":false,"reading":false,"sync":true,"needReadable":false,"emittedReadable":false,"readableListening":false,"resumeScheduled":false,"destroyed":false,"defaultEncoding":"utf8","awaitDrain":0,"readingMore":false,"decoder":null,"encoding":null},"readable":true,"domain":null,"_events":{},"_eventsCount":2,"path":"/Users/mac/Documents/koa2-test/dist/index.html","fd":null,"flags":"r","mode":438,"autoClose":true,"bytesRead":0,"closed":false}
*************** response log end ***************

[2018-03-01T17:32:55.767] [INFO] resLogger - 
*************** response log start ***************
request method: GET
request originalUrl:  /d9ea1be67bbcc264534d0354ace0fc9e.ico
request client ip:  ::1
request query:  {}
response time: 1
response status: 200
response body: 
{"_readableState":{"objectMode":false,"highWaterMark":65536,"buffer":{"head":null,"tail":null,"length":0},"length":0,"pipes":null,"pipesCount":0,"flowing":null,"ended":false,"endEmitted":false,"reading":false,"sync":true,"needReadable":false,"emittedReadable":false,"readableListening":false,"resumeScheduled":false,"destroyed":false,"defaultEncoding":"utf8","awaitDrain":0,"readingMore":false,"decoder":null,"encoding":null},"readable":true,"domain":null,"_events":{},"_eventsCount":2,"path":"/Users/mac/Documents/koa2-test/dist/index.html","fd":null,"flags":"r","mode":438,"autoClose":true,"bytesRead":0,"closed":false}
*************** response log end ***************

[2018-03-01T17:33:04.325] [INFO] resLogger - 
*************** response log start ***************
request method: GET
request originalUrl:  /685889f1eeea6db0aa856378c6a00211.js
request client ip:  ::1
request query:  {}
response time: 2
response status: 200
response body: 
{"_readableState":{"objectMode":false,"highWaterMark":65536,"buffer":{"head":null,"tail":null,"length":0},"length":0,"pipes":null,"pipesCount":0,"flowing":null,"ended":false,"endEmitted":false,"reading":false,"sync":true,"needReadable":false,"emittedReadable":false,"readableListening":false,"resumeScheduled":false,"destroyed":false,"defaultEncoding":"utf8","awaitDrain":0,"readingMore":false,"decoder":null,"encoding":null},"readable":true,"domain":null,"_events":{},"_eventsCount":2,"path":"/Users/mac/Documents/koa2-test/dist/index.html","fd":null,"flags":"r","mode":438,"autoClose":true,"bytesRead":0,"closed":false}
*************** response log end ***************

[2018-03-01T17:33:04.662] [INFO] resLogger - 
*************** response log start ***************
request method: GET
request originalUrl:  /685889f1eeea6db0aa856378c6a00211.js
request client ip:  ::1
request query:  {}
response time: 1
response status: 200
response body: 
{"_readableState":{"objectMode":false,"highWaterMark":65536,"buffer":{"head":null,"tail":null,"length":0},"length":0,"pipes":null,"pipesCount":0,"flowing":null,"ended":false,"endEmitted":false,"reading":false,"sync":true,"needReadable":false,"emittedReadable":false,"readableListening":false,"resumeScheduled":false,"destroyed":false,"defaultEncoding":"utf8","awaitDrain":0,"readingMore":false,"decoder":null,"encoding":null},"readable":true,"domain":null,"_events":{},"_eventsCount":2,"path":"/Users/mac/Documents/koa2-test/dist/index.html","fd":null,"flags":"r","mode":438,"autoClose":true,"bytesRead":0,"closed":false}
*************** response log end ***************

[2018-03-01T17:33:04.776] [INFO] resLogger - 
*************** response log start ***************
request method: GET
request originalUrl:  /d9ea1be67bbcc264534d0354ace0fc9e.ico
request client ip:  ::1
request query:  {}
response time: 1
response status: 200
response body: 
{"_readableState":{"objectMode":false,"highWaterMark":65536,"buffer":{"head":null,"tail":null,"length":0},"length":0,"pipes":null,"pipesCount":0,"flowing":null,"ended":false,"endEmitted":false,"reading":false,"sync":true,"needReadable":false,"emittedReadable":false,"readableListening":false,"resumeScheduled":false,"destroyed":false,"defaultEncoding":"utf8","awaitDrain":0,"readingMore":false,"decoder":null,"encoding":null},"readable":true,"domain":null,"_events":{},"_eventsCount":2,"path":"/Users/mac/Documents/koa2-test/dist/index.html","fd":null,"flags":"r","mode":438,"autoClose":true,"bytesRead":0,"closed":false}
*************** response log end ***************

[2018-03-01T17:34:10.724] [INFO] resLogger - 
*************** response log start ***************
request method: GET
request originalUrl:  /
request client ip:  ::1
request query:  {}
response time: 11
response status: 200
response body: 
{"_readableState":{"objectMode":false,"highWaterMark":65536,"buffer":{"head":null,"tail":null,"length":0},"length":0,"pipes":null,"pipesCount":0,"flowing":null,"ended":false,"endEmitted":false,"reading":false,"sync":true,"needReadable":false,"emittedReadable":false,"readableListening":false,"resumeScheduled":false,"destroyed":false,"defaultEncoding":"utf8","awaitDrain":0,"readingMore":false,"decoder":null,"encoding":null},"readable":true,"domain":null,"_events":{},"_eventsCount":2,"path":"/Users/mac/Documents/koa2-test/dist/index.html","fd":null,"flags":"r","mode":438,"autoClose":true,"bytesRead":0,"closed":false}
*************** response log end ***************

[2018-03-01T17:34:10.760] [INFO] resLogger - 
*************** response log start ***************
request method: GET
request originalUrl:  /685889f1eeea6db0aa856378c6a00211.js
request client ip:  ::1
request query:  {}
response time: 4
response status: 200
response body: 
{"_readableState":{"objectMode":false,"highWaterMark":65536,"buffer":{"head":null,"tail":null,"length":0},"length":0,"pipes":null,"pipesCount":0,"flowing":null,"ended":false,"endEmitted":false,"reading":false,"sync":true,"needReadable":false,"emittedReadable":false,"readableListening":false,"resumeScheduled":false,"destroyed":false,"defaultEncoding":"utf8","awaitDrain":0,"readingMore":false,"decoder":null,"encoding":null},"readable":true,"domain":null,"_events":{},"_eventsCount":2,"path":"/Users/mac/Documents/koa2-test/dist/index.html","fd":null,"flags":"r","mode":438,"autoClose":true,"bytesRead":0,"closed":false}
*************** response log end ***************

[2018-03-01T17:34:10.822] [INFO] resLogger - 
*************** response log start ***************
request method: GET
request originalUrl:  /d9ea1be67bbcc264534d0354ace0fc9e.ico
request client ip:  ::1
request query:  {}
response time: 2
response status: 200
response body: 
{"_readableState":{"objectMode":false,"highWaterMark":65536,"buffer":{"head":null,"tail":null,"length":0},"length":0,"pipes":null,"pipesCount":0,"flowing":null,"ended":false,"endEmitted":false,"reading":false,"sync":true,"needReadable":false,"emittedReadable":false,"readableListening":false,"resumeScheduled":false,"destroyed":false,"defaultEncoding":"utf8","awaitDrain":0,"readingMore":false,"decoder":null,"encoding":null},"readable":true,"domain":null,"_events":{},"_eventsCount":2,"path":"/Users/mac/Documents/koa2-test/dist/index.html","fd":null,"flags":"r","mode":438,"autoClose":true,"bytesRead":0,"closed":false}
*************** response log end ***************

[2018-03-01T17:35:15.662] [INFO] resLogger - 
*************** response log start ***************
request method: GET
request originalUrl:  /
request client ip:  ::1
request query:  {}
response time: 1
response status: 200
response body: 
{"_readableState":{"objectMode":false,"highWaterMark":65536,"buffer":{"head":null,"tail":null,"length":0},"length":0,"pipes":null,"pipesCount":0,"flowing":null,"ended":false,"endEmitted":false,"reading":false,"sync":true,"needReadable":false,"emittedReadable":false,"readableListening":false,"resumeScheduled":false,"destroyed":false,"defaultEncoding":"utf8","awaitDrain":0,"readingMore":false,"decoder":null,"encoding":null},"readable":true,"domain":null,"_events":{},"_eventsCount":2,"path":"/Users/mac/Documents/koa2-test/dist/index.html","fd":null,"flags":"r","mode":438,"autoClose":true,"bytesRead":0,"closed":false}
*************** response log end ***************

[2018-03-01T17:35:15.693] [INFO] resLogger - 
*************** response log start ***************
request method: GET
request originalUrl:  /685889f1eeea6db0aa856378c6a00211.js
request client ip:  ::1
request query:  {}
response time: 4
response status: 200
response body: 
{"_readableState":{"objectMode":false,"highWaterMark":65536,"buffer":{"head":null,"tail":null,"length":0},"length":0,"pipes":null,"pipesCount":0,"flowing":null,"ended":false,"endEmitted":false,"reading":false,"sync":true,"needReadable":false,"emittedReadable":false,"readableListening":false,"resumeScheduled":false,"destroyed":false,"defaultEncoding":"utf8","awaitDrain":0,"readingMore":false,"decoder":null,"encoding":null},"readable":true,"domain":null,"_events":{},"_eventsCount":2,"path":"/Users/mac/Documents/koa2-test/dist/index.html","fd":null,"flags":"r","mode":438,"autoClose":true,"bytesRead":0,"closed":false}
*************** response log end ***************

[2018-03-01T17:35:15.771] [INFO] resLogger - 
*************** response log start ***************
request method: GET
request originalUrl:  /d9ea1be67bbcc264534d0354ace0fc9e.ico
request client ip:  ::1
request query:  {}
response time: 2
response status: 200
response body: 
{"_readableState":{"objectMode":false,"highWaterMark":65536,"buffer":{"head":null,"tail":null,"length":0},"length":0,"pipes":null,"pipesCount":0,"flowing":null,"ended":false,"endEmitted":false,"reading":false,"sync":true,"needReadable":false,"emittedReadable":false,"readableListening":false,"resumeScheduled":false,"destroyed":false,"defaultEncoding":"utf8","awaitDrain":0,"readingMore":false,"decoder":null,"encoding":null},"readable":true,"domain":null,"_events":{},"_eventsCount":2,"path":"/Users/mac/Documents/koa2-test/dist/index.html","fd":null,"flags":"r","mode":438,"autoClose":true,"bytesRead":0,"closed":false}
*************** response log end ***************

[2018-03-01T17:35:16.891] [INFO] resLogger - 
*************** response log start ***************
request method: GET
request originalUrl:  /
request client ip:  ::1
request query:  {}
response time: 1
response status: 200
response body: 
{"_readableState":{"objectMode":false,"highWaterMark":65536,"buffer":{"head":null,"tail":null,"length":0},"length":0,"pipes":null,"pipesCount":0,"flowing":null,"ended":false,"endEmitted":false,"reading":false,"sync":true,"needReadable":false,"emittedReadable":false,"readableListening":false,"resumeScheduled":false,"destroyed":false,"defaultEncoding":"utf8","awaitDrain":0,"readingMore":false,"decoder":null,"encoding":null},"readable":true,"domain":null,"_events":{},"_eventsCount":2,"path":"/Users/mac/Documents/koa2-test/dist/index.html","fd":null,"flags":"r","mode":438,"autoClose":true,"bytesRead":0,"closed":false}
*************** response log end ***************

[2018-03-01T17:35:16.922] [INFO] resLogger - 
*************** response log start ***************
request method: GET
request originalUrl:  /685889f1eeea6db0aa856378c6a00211.js
request client ip:  ::1
request query:  {}
response time: 2
response status: 200
response body: 
{"_readableState":{"objectMode":false,"highWaterMark":65536,"buffer":{"head":null,"tail":null,"length":0},"length":0,"pipes":null,"pipesCount":0,"flowing":null,"ended":false,"endEmitted":false,"reading":false,"sync":true,"needReadable":false,"emittedReadable":false,"readableListening":false,"resumeScheduled":false,"destroyed":false,"defaultEncoding":"utf8","awaitDrain":0,"readingMore":false,"decoder":null,"encoding":null},"readable":true,"domain":null,"_events":{},"_eventsCount":2,"path":"/Users/mac/Documents/koa2-test/dist/index.html","fd":null,"flags":"r","mode":438,"autoClose":true,"bytesRead":0,"closed":false}
*************** response log end ***************

[2018-03-01T17:35:16.992] [INFO] resLogger - 
*************** response log start ***************
request method: GET
request originalUrl:  /d9ea1be67bbcc264534d0354ace0fc9e.ico
request client ip:  ::1
request query:  {}
response time: 2
response status: 200
response body: 
{"_readableState":{"objectMode":false,"highWaterMark":65536,"buffer":{"head":null,"tail":null,"length":0},"length":0,"pipes":null,"pipesCount":0,"flowing":null,"ended":false,"endEmitted":false,"reading":false,"sync":true,"needReadable":false,"emittedReadable":false,"readableListening":false,"resumeScheduled":false,"destroyed":false,"defaultEncoding":"utf8","awaitDrain":0,"readingMore":false,"decoder":null,"encoding":null},"readable":true,"domain":null,"_events":{},"_eventsCount":2,"path":"/Users/mac/Documents/koa2-test/dist/index.html","fd":null,"flags":"r","mode":438,"autoClose":true,"bytesRead":0,"closed":false}
*************** response log end ***************

[2018-03-01T17:35:22.821] [INFO] resLogger - 
*************** response log start ***************
request method: GET
request originalUrl:  /
request client ip:  ::1
request query:  {}
response time: 1
response status: 200
response body: 
{"_readableState":{"objectMode":false,"highWaterMark":65536,"buffer":{"head":null,"tail":null,"length":0},"length":0,"pipes":null,"pipesCount":0,"flowing":null,"ended":false,"endEmitted":false,"reading":false,"sync":true,"needReadable":false,"emittedReadable":false,"readableListening":false,"resumeScheduled":false,"destroyed":false,"defaultEncoding":"utf8","awaitDrain":0,"readingMore":false,"decoder":null,"encoding":null},"readable":true,"domain":null,"_events":{},"_eventsCount":2,"path":"/Users/mac/Documents/koa2-test/dist/index.html","fd":null,"flags":"r","mode":438,"autoClose":true,"bytesRead":0,"closed":false}
*************** response log end ***************

[2018-03-01T17:35:22.855] [INFO] resLogger - 
*************** response log start ***************
request method: GET
request originalUrl:  /685889f1eeea6db0aa856378c6a00211.js
request client ip:  ::1
request query:  {}
response time: 6
response status: 200
response body: 
{"_readableState":{"objectMode":false,"highWaterMark":65536,"buffer":{"head":null,"tail":null,"length":0},"length":0,"pipes":null,"pipesCount":0,"flowing":null,"ended":false,"endEmitted":false,"reading":false,"sync":true,"needReadable":false,"emittedReadable":false,"readableListening":false,"resumeScheduled":false,"destroyed":false,"defaultEncoding":"utf8","awaitDrain":0,"readingMore":false,"decoder":null,"encoding":null},"readable":true,"domain":null,"_events":{},"_eventsCount":2,"path":"/Users/mac/Documents/koa2-test/dist/index.html","fd":null,"flags":"r","mode":438,"autoClose":true,"bytesRead":0,"closed":false}
*************** response log end ***************

[2018-03-01T17:35:22.914] [INFO] resLogger - 
*************** response log start ***************
request method: GET
request originalUrl:  /d9ea1be67bbcc264534d0354ace0fc9e.ico
request client ip:  ::1
request query:  {}
response time: 2
response status: 200
response body: 
{"_readableState":{"objectMode":false,"highWaterMark":65536,"buffer":{"head":null,"tail":null,"length":0},"length":0,"pipes":null,"pipesCount":0,"flowing":null,"ended":false,"endEmitted":false,"reading":false,"sync":true,"needReadable":false,"emittedReadable":false,"readableListening":false,"resumeScheduled":false,"destroyed":false,"defaultEncoding":"utf8","awaitDrain":0,"readingMore":false,"decoder":null,"encoding":null},"readable":true,"domain":null,"_events":{},"_eventsCount":2,"path":"/Users/mac/Documents/koa2-test/dist/index.html","fd":null,"flags":"r","mode":438,"autoClose":true,"bytesRead":0,"closed":false}
*************** response log end ***************

[2018-03-01T17:36:13.120] [ERROR] errorLogger - 
*************** error log start ***************
request method: GET
request originalUrl:  /
request client ip:  ::1
request query:  {}
response time: 2
err name: Error
err message: ENOENT: no such file or directory, stat '/Users/mac/Documents/koa2-test/dist/index.html'
err stack: Error: ENOENT: no such file or directory, stat '/Users/mac/Documents/koa2-test/dist/index.html'
*************** error log end ***************

[2018-03-01T17:36:15.115] [ERROR] errorLogger - 
*************** error log start ***************
request method: GET
request originalUrl:  /
request client ip:  ::1
request query:  {}
response time: 1
err name: Error
err message: ENOENT: no such file or directory, stat '/Users/mac/Documents/koa2-test/dist/index.html'
err stack: Error: ENOENT: no such file or directory, stat '/Users/mac/Documents/koa2-test/dist/index.html'
*************** error log end ***************

[2018-03-01T17:36:52.167] [ERROR] errorLogger - 
*************** error log start ***************
request method: GET
request originalUrl:  /
request client ip:  ::1
request query:  {}
response time: 1
err name: Error
err message: ENOENT: no such file or directory, stat '/Users/mac/Documents/koa2-test/dist/index.html'
err stack: Error: ENOENT: no such file or directory, stat '/Users/mac/Documents/koa2-test/dist/index.html'
*************** error log end ***************

[2018-03-01T17:38:34.793] [ERROR] errorLogger - 
*************** error log start ***************
request method: GET
request originalUrl:  /
request client ip:  ::1
request query:  {}
response time: 12
err name: Error
err message: ENOENT: no such file or directory, stat '/Users/mac/Documents/koa2-test/dist/index.html'
err stack: Error: ENOENT: no such file or directory, stat '/Users/mac/Documents/koa2-test/dist/index.html'
*************** error log end ***************

[2018-03-01T17:38:55.518] [INFO] resLogger - 
*************** response log start ***************
request method: GET
request originalUrl:  /
request client ip:  ::1
request query:  {}
response time: 2
response status: 200
response body: 
{"_readableState":{"objectMode":false,"highWaterMark":65536,"buffer":{"head":null,"tail":null,"length":0},"length":0,"pipes":null,"pipesCount":0,"flowing":null,"ended":false,"endEmitted":false,"reading":false,"sync":true,"needReadable":false,"emittedReadable":false,"readableListening":false,"resumeScheduled":false,"destroyed":false,"defaultEncoding":"utf8","awaitDrain":0,"readingMore":false,"decoder":null,"encoding":null},"readable":true,"domain":null,"_events":{},"_eventsCount":2,"path":"/Users/mac/Documents/koa2-test/dist/index.html","fd":null,"flags":"r","mode":438,"autoClose":true,"bytesRead":0,"closed":false}
*************** response log end ***************

[2018-03-01T17:38:55.551] [INFO] resLogger - 
*************** response log start ***************
request method: GET
request originalUrl:  /685889f1eeea6db0aa856378c6a00211.js
request client ip:  ::1
request query:  {}
response time: 7
response status: 200
response body: 
{"_readableState":{"objectMode":false,"highWaterMark":65536,"buffer":{"head":null,"tail":null,"length":0},"length":0,"pipes":null,"pipesCount":0,"flowing":null,"ended":false,"endEmitted":false,"reading":false,"sync":true,"needReadable":false,"emittedReadable":false,"readableListening":false,"resumeScheduled":false,"destroyed":false,"defaultEncoding":"utf8","awaitDrain":0,"readingMore":false,"decoder":null,"encoding":null},"readable":true,"domain":null,"_events":{},"_eventsCount":2,"path":"/Users/mac/Documents/koa2-test/dist/index.html","fd":null,"flags":"r","mode":438,"autoClose":true,"bytesRead":0,"closed":false}
*************** response log end ***************

[2018-03-01T17:38:55.626] [INFO] resLogger - 
*************** response log start ***************
request method: GET
request originalUrl:  /d9ea1be67bbcc264534d0354ace0fc9e.ico
request client ip:  ::1
request query:  {}
response time: 2
response status: 200
response body: 
{"_readableState":{"objectMode":false,"highWaterMark":65536,"buffer":{"head":null,"tail":null,"length":0},"length":0,"pipes":null,"pipesCount":0,"flowing":null,"ended":false,"endEmitted":false,"reading":false,"sync":true,"needReadable":false,"emittedReadable":false,"readableListening":false,"resumeScheduled":false,"destroyed":false,"defaultEncoding":"utf8","awaitDrain":0,"readingMore":false,"decoder":null,"encoding":null},"readable":true,"domain":null,"_events":{},"_eventsCount":2,"path":"/Users/mac/Documents/koa2-test/dist/index.html","fd":null,"flags":"r","mode":438,"autoClose":true,"bytesRead":0,"closed":false}
*************** response log end ***************

[2018-03-01T17:39:22.959] [INFO] resLogger - 
*************** response log start ***************
request method: GET
request originalUrl:  /
request client ip:  ::1
request query:  {}
response time: 12
response status: 200
response body: 
{"_readableState":{"objectMode":false,"highWaterMark":65536,"buffer":{"head":null,"tail":null,"length":0},"length":0,"pipes":null,"pipesCount":0,"flowing":null,"ended":false,"endEmitted":false,"reading":false,"sync":true,"needReadable":false,"emittedReadable":false,"readableListening":false,"resumeScheduled":false,"destroyed":false,"defaultEncoding":"utf8","awaitDrain":0,"readingMore":false,"decoder":null,"encoding":null},"readable":true,"domain":null,"_events":{},"_eventsCount":2,"path":"/Users/mac/Documents/koa2-test/dist/index.html","fd":null,"flags":"r","mode":438,"autoClose":true,"bytesRead":0,"closed":false}
*************** response log end ***************

[2018-03-01T17:39:23.068] [INFO] resLogger - 
*************** response log start ***************
request method: GET
request originalUrl:  /685889f1eeea6db0aa856378c6a00211.js
request client ip:  ::1
request query:  {}
response time: 27
response status: 200
response body: 
{"_readableState":{"objectMode":false,"highWaterMark":65536,"buffer":{"head":null,"tail":null,"length":0},"length":0,"pipes":null,"pipesCount":0,"flowing":null,"ended":false,"endEmitted":false,"reading":false,"sync":true,"needReadable":false,"emittedReadable":false,"readableListening":false,"resumeScheduled":false,"destroyed":false,"defaultEncoding":"utf8","awaitDrain":0,"readingMore":false,"decoder":null,"encoding":null},"readable":true,"domain":null,"_events":{},"_eventsCount":2,"path":"/Users/mac/Documents/koa2-test/dist/index.html","fd":null,"flags":"r","mode":438,"autoClose":true,"bytesRead":0,"closed":false}
*************** response log end ***************

[2018-03-01T17:39:23.215] [INFO] resLogger - 
*************** response log start ***************
request method: GET
request originalUrl:  /d9ea1be67bbcc264534d0354ace0fc9e.ico
request client ip:  ::1
request query:  {}
response time: 58
response status: 200
response body: 
{"_readableState":{"objectMode":false,"highWaterMark":65536,"buffer":{"head":null,"tail":null,"length":0},"length":0,"pipes":null,"pipesCount":0,"flowing":null,"ended":false,"endEmitted":false,"reading":false,"sync":true,"needReadable":false,"emittedReadable":false,"readableListening":false,"resumeScheduled":false,"destroyed":false,"defaultEncoding":"utf8","awaitDrain":0,"readingMore":false,"decoder":null,"encoding":null},"readable":true,"domain":null,"_events":{},"_eventsCount":2,"path":"/Users/mac/Documents/koa2-test/dist/index.html","fd":null,"flags":"r","mode":438,"autoClose":true,"bytesRead":0,"closed":false}
*************** response log end ***************

[2018-03-01T17:39:52.392] [ERROR] errorLogger - 
*************** error log start ***************
request method: GET
request originalUrl:  /
request client ip:  ::1
request query:  {}
response time: 14
err name: Error
err message: ENOENT: no such file or directory, stat '/Users/mac/Documents/koa2-test/dist/index.html'
err stack: Error: ENOENT: no such file or directory, stat '/Users/mac/Documents/koa2-test/dist/index.html'
*************** error log end ***************

[2018-03-01T17:40:26.306] [INFO] resLogger - 
*************** response log start ***************
request method: GET
request originalUrl:  /
request client ip:  ::1
request query:  {}
response time: 9
response status: 200
response body: 
{"_readableState":{"objectMode":false,"highWaterMark":65536,"buffer":{"head":null,"tail":null,"length":0},"length":0,"pipes":null,"pipesCount":0,"flowing":null,"ended":false,"endEmitted":false,"reading":false,"sync":true,"needReadable":false,"emittedReadable":false,"readableListening":false,"resumeScheduled":false,"destroyed":false,"defaultEncoding":"utf8","awaitDrain":0,"readingMore":false,"decoder":null,"encoding":null},"readable":true,"domain":null,"_events":{},"_eventsCount":2,"path":"/Users/mac/Documents/koa2-test/dist/index.html","fd":null,"flags":"r","mode":438,"autoClose":true,"bytesRead":0,"closed":false}
*************** response log end ***************

[2018-03-01T17:40:26.372] [INFO] resLogger - 
*************** response log start ***************
request method: GET
request originalUrl:  /841f779a45a4e86bc4656dc0c3eec79f.js
request client ip:  ::1
request query:  {}
response time: 6
response status: 200
response body: 
{"_readableState":{"objectMode":false,"highWaterMark":65536,"buffer":{"head":null,"tail":null,"length":0},"length":0,"pipes":null,"pipesCount":0,"flowing":null,"ended":false,"endEmitted":false,"reading":false,"sync":true,"needReadable":false,"emittedReadable":false,"readableListening":false,"resumeScheduled":false,"destroyed":false,"defaultEncoding":"utf8","awaitDrain":0,"readingMore":false,"decoder":null,"encoding":null},"readable":true,"domain":null,"_events":{},"_eventsCount":2,"path":"/Users/mac/Documents/koa2-test/dist/index.html","fd":null,"flags":"r","mode":438,"autoClose":true,"bytesRead":0,"closed":false}
*************** response log end ***************

[2018-03-01T17:40:26.466] [INFO] resLogger - 
*************** response log start ***************
request method: GET
request originalUrl:  /d9ea1be67bbcc264534d0354ace0fc9e.ico
request client ip:  ::1
request query:  {}
response time: 5
response status: 200
response body: 
{"_readableState":{"objectMode":false,"highWaterMark":65536,"buffer":{"head":null,"tail":null,"length":0},"length":0,"pipes":null,"pipesCount":0,"flowing":null,"ended":false,"endEmitted":false,"reading":false,"sync":true,"needReadable":false,"emittedReadable":false,"readableListening":false,"resumeScheduled":false,"destroyed":false,"defaultEncoding":"utf8","awaitDrain":0,"readingMore":false,"decoder":null,"encoding":null},"readable":true,"domain":null,"_events":{},"_eventsCount":2,"path":"/Users/mac/Documents/koa2-test/dist/index.html","fd":null,"flags":"r","mode":438,"autoClose":true,"bytesRead":0,"closed":false}
*************** response log end ***************

[2018-03-01T17:56:27.730] [INFO] resLogger - 
*************** response log start ***************
request method: GET
request originalUrl:  /
request client ip:  ::1
request query:  {}
response time: 9
response status: 200
response body: 
{"_readableState":{"objectMode":false,"highWaterMark":65536,"buffer":{"head":null,"tail":null,"length":0},"length":0,"pipes":null,"pipesCount":0,"flowing":null,"ended":false,"endEmitted":false,"reading":false,"sync":true,"needReadable":false,"emittedReadable":false,"readableListening":false,"resumeScheduled":false,"destroyed":false,"defaultEncoding":"utf8","awaitDrain":0,"readingMore":false,"decoder":null,"encoding":null},"readable":true,"domain":null,"_events":{},"_eventsCount":2,"path":"/Users/mac/Documents/koa2-test/dist/index.html","fd":null,"flags":"r","mode":438,"autoClose":true,"bytesRead":0,"closed":false}
*************** response log end ***************

[2018-03-01T17:56:27.795] [INFO] resLogger - 
*************** response log start ***************
request method: GET
request originalUrl:  /4f460a43f34ab0a3aa6b975573b319fe.js
request client ip:  ::1
request query:  {}
response time: 2
response status: 200
response body: 
{"_readableState":{"objectMode":false,"highWaterMark":65536,"buffer":{"head":null,"tail":null,"length":0},"length":0,"pipes":null,"pipesCount":0,"flowing":null,"ended":false,"endEmitted":false,"reading":false,"sync":true,"needReadable":false,"emittedReadable":false,"readableListening":false,"resumeScheduled":false,"destroyed":false,"defaultEncoding":"utf8","awaitDrain":0,"readingMore":false,"decoder":null,"encoding":null},"readable":true,"domain":null,"_events":{},"_eventsCount":2,"path":"/Users/mac/Documents/koa2-test/dist/4f460a43f34ab0a3aa6b975573b319fe.js","fd":null,"flags":"r","mode":438,"autoClose":true,"bytesRead":0,"closed":false}
*************** response log end ***************

[2018-03-01T17:56:27.953] [INFO] resLogger - 
*************** response log start ***************
request method: GET
request originalUrl:  /4f460a43f34ab0a3aa6b975573b319fe.map
request client ip:  ::1
request query:  {}
response time: 1
response status: 200
response body: 
{"_readableState":{"objectMode":false,"highWaterMark":65536,"buffer":{"head":null,"tail":null,"length":0},"length":0,"pipes":null,"pipesCount":0,"flowing":null,"ended":false,"endEmitted":false,"reading":false,"sync":true,"needReadable":false,"emittedReadable":false,"readableListening":false,"resumeScheduled":false,"destroyed":false,"defaultEncoding":"utf8","awaitDrain":0,"readingMore":false,"decoder":null,"encoding":null},"readable":true,"domain":null,"_events":{},"_eventsCount":2,"path":"/Users/mac/Documents/koa2-test/dist/4f460a43f34ab0a3aa6b975573b319fe.map","fd":null,"flags":"r","mode":438,"autoClose":true,"bytesRead":0,"closed":false}
*************** response log end ***************

[2018-03-01T17:58:04.130] [INFO] resLogger - 
*************** response log start ***************
request method: GET
request originalUrl:  /
request client ip:  ::1
request query:  {}
response time: 1
response status: 200
response body: 
{"_readableState":{"objectMode":false,"highWaterMark":65536,"buffer":{"head":null,"tail":null,"length":0},"length":0,"pipes":null,"pipesCount":0,"flowing":null,"ended":false,"endEmitted":false,"reading":false,"sync":true,"needReadable":false,"emittedReadable":false,"readableListening":false,"resumeScheduled":false,"destroyed":false,"defaultEncoding":"utf8","awaitDrain":0,"readingMore":false,"decoder":null,"encoding":null},"readable":true,"domain":null,"_events":{},"_eventsCount":2,"path":"/Users/mac/Documents/koa2-test/dist/index.html","fd":null,"flags":"r","mode":438,"autoClose":true,"bytesRead":0,"closed":false}
*************** response log end ***************

[2018-03-01T17:58:04.153] [INFO] resLogger - 
*************** response log start ***************
request method: GET
request originalUrl:  /4f460a43f34ab0a3aa6b975573b319fe.js
request client ip:  ::1
request query:  {}
response time: 2
response status: 200
response body: 
{"_readableState":{"objectMode":false,"highWaterMark":65536,"buffer":{"head":null,"tail":null,"length":0},"length":0,"pipes":null,"pipesCount":0,"flowing":null,"ended":false,"endEmitted":false,"reading":false,"sync":true,"needReadable":false,"emittedReadable":false,"readableListening":false,"resumeScheduled":false,"destroyed":false,"defaultEncoding":"utf8","awaitDrain":0,"readingMore":false,"decoder":null,"encoding":null},"readable":true,"domain":null,"_events":{},"_eventsCount":2,"path":"/Users/mac/Documents/koa2-test/dist/4f460a43f34ab0a3aa6b975573b319fe.js","fd":null,"flags":"r","mode":438,"autoClose":true,"bytesRead":0,"closed":false}
*************** response log end ***************

[2018-03-01T17:58:04.209] [INFO] resLogger - 
*************** response log start ***************
request method: GET
request originalUrl:  /4f460a43f34ab0a3aa6b975573b319fe.map
request client ip:  ::1
request query:  {}
response time: 1
response status: 200
response body: 
{"_readableState":{"objectMode":false,"highWaterMark":65536,"buffer":{"head":null,"tail":null,"length":0},"length":0,"pipes":null,"pipesCount":0,"flowing":null,"ended":false,"endEmitted":false,"reading":false,"sync":true,"needReadable":false,"emittedReadable":false,"readableListening":false,"resumeScheduled":false,"destroyed":false,"defaultEncoding":"utf8","awaitDrain":0,"readingMore":false,"decoder":null,"encoding":null},"readable":true,"domain":null,"_events":{},"_eventsCount":2,"path":"/Users/mac/Documents/koa2-test/dist/4f460a43f34ab0a3aa6b975573b319fe.map","fd":null,"flags":"r","mode":438,"autoClose":true,"bytesRead":0,"closed":false}
*************** response log end ***************

[2018-03-01T17:58:17.547] [INFO] resLogger - 
*************** response log start ***************
request method: GET
request originalUrl:  /
request client ip:  ::1
request query:  {}
response time: 11
response status: 200
response body: 
{"_readableState":{"objectMode":false,"highWaterMark":65536,"buffer":{"head":null,"tail":null,"length":0},"length":0,"pipes":null,"pipesCount":0,"flowing":null,"ended":false,"endEmitted":false,"reading":false,"sync":true,"needReadable":false,"emittedReadable":false,"readableListening":false,"resumeScheduled":false,"destroyed":false,"defaultEncoding":"utf8","awaitDrain":0,"readingMore":false,"decoder":null,"encoding":null},"readable":true,"domain":null,"_events":{},"_eventsCount":2,"path":"/Users/mac/Documents/koa2-test/dist/index.html","fd":null,"flags":"r","mode":438,"autoClose":true,"bytesRead":0,"closed":false}
*************** response log end ***************

[2018-03-01T17:58:17.593] [INFO] resLogger - 
*************** response log start ***************
request method: GET
request originalUrl:  /4f460a43f34ab0a3aa6b975573b319fe.js
request client ip:  ::1
request query:  {}
response time: 2
response status: 200
response body: 
{"_readableState":{"objectMode":false,"highWaterMark":65536,"buffer":{"head":null,"tail":null,"length":0},"length":0,"pipes":null,"pipesCount":0,"flowing":null,"ended":false,"endEmitted":false,"reading":false,"sync":true,"needReadable":false,"emittedReadable":false,"readableListening":false,"resumeScheduled":false,"destroyed":false,"defaultEncoding":"utf8","awaitDrain":0,"readingMore":false,"decoder":null,"encoding":null},"readable":true,"domain":null,"_events":{},"_eventsCount":2,"path":"/Users/mac/Documents/koa2-test/dist/4f460a43f34ab0a3aa6b975573b319fe.js","fd":null,"flags":"r","mode":438,"autoClose":true,"bytesRead":0,"closed":false}
*************** response log end ***************

[2018-03-01T17:58:17.696] [INFO] resLogger - 
*************** response log start ***************
request method: GET
request originalUrl:  /4f460a43f34ab0a3aa6b975573b319fe.map
request client ip:  ::1
request query:  {}
response time: 1
response status: 200
response body: 
{"_readableState":{"objectMode":false,"highWaterMark":65536,"buffer":{"head":null,"tail":null,"length":0},"length":0,"pipes":null,"pipesCount":0,"flowing":null,"ended":false,"endEmitted":false,"reading":false,"sync":true,"needReadable":false,"emittedReadable":false,"readableListening":false,"resumeScheduled":false,"destroyed":false,"defaultEncoding":"utf8","awaitDrain":0,"readingMore":false,"decoder":null,"encoding":null},"readable":true,"domain":null,"_events":{},"_eventsCount":2,"path":"/Users/mac/Documents/koa2-test/dist/4f460a43f34ab0a3aa6b975573b319fe.map","fd":null,"flags":"r","mode":438,"autoClose":true,"bytesRead":0,"closed":false}
*************** response log end ***************

