[2018-03-01T16:12:00.866] [INFO] resLogger - 
*************** response log start ***************
request method: GET
request originalUrl:  /
request client ip:  ::1
request query:  {}
response time: 8
response status: 200
response body: 
{"_readableState":{"objectMode":false,"highWaterMark":65536,"buffer":{"head":null,"tail":null,"length":0},"length":0,"pipes":null,"pipesCount":0,"flowing":null,"ended":false,"endEmitted":false,"reading":false,"sync":true,"needReadable":false,"emittedReadable":false,"readableListening":false,"resumeScheduled":false,"destroyed":false,"defaultEncoding":"utf8","awaitDrain":0,"readingMore":false,"decoder":null,"encoding":null},"readable":true,"domain":null,"_events":{},"_eventsCount":2,"path":"/Users/mac/Documents/koa2-test/dist/index.html","fd":null,"flags":"r","mode":438,"autoClose":true,"bytesRead":0,"closed":false}
*************** response log end ***************

[2018-03-01T16:12:00.897] [INFO] resLogger - 
*************** response log start ***************
request method: GET
request originalUrl:  /4a2c1afa59b9558a8366649bade90836.css
request client ip:  ::1
request query:  {}
response time: 2
response status: 200
response body: 
{"_readableState":{"objectMode":false,"highWaterMark":65536,"buffer":{"head":null,"tail":null,"length":0},"length":0,"pipes":null,"pipesCount":0,"flowing":null,"ended":false,"endEmitted":false,"reading":false,"sync":true,"needReadable":false,"emittedReadable":false,"readableListening":false,"resumeScheduled":false,"destroyed":false,"defaultEncoding":"utf8","awaitDrain":0,"readingMore":false,"decoder":null,"encoding":null},"readable":true,"domain":null,"_events":{},"_eventsCount":2,"path":"/Users/mac/Documents/koa2-test/dist/4a2c1afa59b9558a8366649bade90836.css","fd":null,"flags":"r","mode":438,"autoClose":true,"bytesRead":0,"closed":false}
*************** response log end ***************

[2018-03-01T16:12:00.898] [INFO] resLogger - 
*************** response log start ***************
request method: GET
request originalUrl:  /4a2c1afa59b9558a8366649bade90836.js
request client ip:  ::1
request query:  {}
response time: 2
response status: 200
response body: 
{"_readableState":{"objectMode":false,"highWaterMark":65536,"buffer":{"head":null,"tail":null,"length":0},"length":0,"pipes":null,"pipesCount":0,"flowing":null,"ended":false,"endEmitted":false,"reading":false,"sync":true,"needReadable":false,"emittedReadable":false,"readableListening":false,"resumeScheduled":false,"destroyed":false,"defaultEncoding":"utf8","awaitDrain":0,"readingMore":false,"decoder":null,"encoding":null},"readable":true,"domain":null,"_events":{},"_eventsCount":2,"path":"/Users/mac/Documents/koa2-test/dist/4a2c1afa59b9558a8366649bade90836.js","fd":null,"flags":"r","mode":438,"autoClose":true,"bytesRead":0,"closed":false}
*************** response log end ***************

[2018-03-01T16:12:03.518] [INFO] resLogger - 
*************** response log start ***************
request method: GET
request originalUrl:  /4a2c1afa59b9558a8366649bade90836.css
request client ip:  ::1
request query:  {}
response time: 1
response status: 200
response body: 
{"_readableState":{"objectMode":false,"highWaterMark":65536,"buffer":{"head":null,"tail":null,"length":0},"length":0,"pipes":null,"pipesCount":0,"flowing":null,"ended":false,"endEmitted":false,"reading":false,"sync":true,"needReadable":false,"emittedReadable":false,"readableListening":false,"resumeScheduled":false,"destroyed":false,"defaultEncoding":"utf8","awaitDrain":0,"readingMore":false,"decoder":null,"encoding":null},"readable":true,"domain":null,"_events":{},"_eventsCount":2,"path":"/Users/mac/Documents/koa2-test/dist/4a2c1afa59b9558a8366649bade90836.css","fd":null,"flags":"r","mode":438,"autoClose":true,"bytesRead":0,"closed":false}
*************** response log end ***************

[2018-03-01T16:12:03.696] [INFO] resLogger - 
*************** response log start ***************
request method: GET
request originalUrl:  /4a2c1afa59b9558a8366649bade90836.map
request client ip:  ::1
request query:  {}
response time: 0
response status: 200
response body: 
{"_readableState":{"objectMode":false,"highWaterMark":65536,"buffer":{"head":null,"tail":null,"length":0},"length":0,"pipes":null,"pipesCount":0,"flowing":null,"ended":false,"endEmitted":false,"reading":false,"sync":true,"needReadable":false,"emittedReadable":false,"readableListening":false,"resumeScheduled":false,"destroyed":false,"defaultEncoding":"utf8","awaitDrain":0,"readingMore":false,"decoder":null,"encoding":null},"readable":true,"domain":null,"_events":{},"_eventsCount":2,"path":"/Users/mac/Documents/koa2-test/dist/4a2c1afa59b9558a8366649bade90836.map","fd":null,"flags":"r","mode":438,"autoClose":true,"bytesRead":0,"closed":false}
*************** response log end ***************

[2018-03-01T16:15:07.458] [INFO] resLogger - 
*************** response log start ***************
request method: GET
request originalUrl:  /4a2c1afa59b9558a8366649bade90836.css?1519892107452
request client ip:  ::1
request query:  {"1519892107452":""}
response time: 2
response status: 200
response body: 
{"_readableState":{"objectMode":false,"highWaterMark":65536,"buffer":{"head":null,"tail":null,"length":0},"length":0,"pipes":null,"pipesCount":0,"flowing":null,"ended":false,"endEmitted":false,"reading":false,"sync":true,"needReadable":false,"emittedReadable":false,"readableListening":false,"resumeScheduled":false,"destroyed":false,"defaultEncoding":"utf8","awaitDrain":0,"readingMore":false,"decoder":null,"encoding":null},"readable":true,"domain":null,"_events":{},"_eventsCount":2,"path":"/Users/mac/Documents/koa2-test/dist/4a2c1afa59b9558a8366649bade90836.css","fd":null,"flags":"r","mode":438,"autoClose":true,"bytesRead":0,"closed":false}
*************** response log end ***************

[2018-03-01T16:15:07.459] [INFO] resLogger - 
*************** response log start ***************
request method: GET
request originalUrl:  /4a2c1afa59b9558a8366649bade90836.css?1519892107453
request client ip:  ::1
request query:  {"1519892107453":""}
response time: 1
response status: 200
response body: 
{"_readableState":{"objectMode":false,"highWaterMark":65536,"buffer":{"head":null,"tail":null,"length":0},"length":0,"pipes":null,"pipesCount":0,"flowing":null,"ended":false,"endEmitted":false,"reading":false,"sync":true,"needReadable":false,"emittedReadable":false,"readableListening":false,"resumeScheduled":false,"destroyed":false,"defaultEncoding":"utf8","awaitDrain":0,"readingMore":false,"decoder":null,"encoding":null},"readable":true,"domain":null,"_events":{},"_eventsCount":2,"path":"/Users/mac/Documents/koa2-test/dist/4a2c1afa59b9558a8366649bade90836.css","fd":null,"flags":"r","mode":438,"autoClose":true,"bytesRead":0,"closed":false}
*************** response log end ***************

[2018-03-01T16:15:08.456] [INFO] resLogger - 
*************** response log start ***************
request method: GET
request originalUrl:  /4a2c1afa59b9558a8366649bade90836.css?1519892108450
request client ip:  ::1
request query:  {"1519892108450":""}
response time: 3
response status: 200
response body: 
{"_readableState":{"objectMode":false,"highWaterMark":65536,"buffer":{"head":null,"tail":null,"length":0},"length":0,"pipes":null,"pipesCount":0,"flowing":null,"ended":false,"endEmitted":false,"reading":false,"sync":true,"needReadable":false,"emittedReadable":false,"readableListening":false,"resumeScheduled":false,"destroyed":false,"defaultEncoding":"utf8","awaitDrain":0,"readingMore":false,"decoder":null,"encoding":null},"readable":true,"domain":null,"_events":{},"_eventsCount":2,"path":"/Users/mac/Documents/koa2-test/dist/4a2c1afa59b9558a8366649bade90836.css","fd":null,"flags":"r","mode":438,"autoClose":true,"bytesRead":0,"closed":false}
*************** response log end ***************

[2018-03-01T16:15:08.457] [INFO] resLogger - 
*************** response log start ***************
request method: GET
request originalUrl:  /4a2c1afa59b9558a8366649bade90836.css?1519892108451
request client ip:  ::1
request query:  {"1519892108451":""}
response time: 3
response status: 200
response body: 
{"_readableState":{"objectMode":false,"highWaterMark":65536,"buffer":{"head":null,"tail":null,"length":0},"length":0,"pipes":null,"pipesCount":0,"flowing":null,"ended":false,"endEmitted":false,"reading":false,"sync":true,"needReadable":false,"emittedReadable":false,"readableListening":false,"resumeScheduled":false,"destroyed":false,"defaultEncoding":"utf8","awaitDrain":0,"readingMore":false,"decoder":null,"encoding":null},"readable":true,"domain":null,"_events":{},"_eventsCount":2,"path":"/Users/mac/Documents/koa2-test/dist/4a2c1afa59b9558a8366649bade90836.css","fd":null,"flags":"r","mode":438,"autoClose":true,"bytesRead":0,"closed":false}
*************** response log end ***************

[2018-03-01T16:15:08.471] [INFO] resLogger - 
*************** response log start ***************
request method: GET
request originalUrl:  /4a2c1afa59b9558a8366649bade90836.css?1519892108453
request client ip:  ::1
request query:  {"1519892108453":""}
response time: 11
response status: 200
response body: 
{"_readableState":{"objectMode":false,"highWaterMark":65536,"buffer":{"head":null,"tail":null,"length":0},"length":0,"pipes":null,"pipesCount":0,"flowing":null,"ended":false,"endEmitted":false,"reading":false,"sync":true,"needReadable":false,"emittedReadable":false,"readableListening":false,"resumeScheduled":false,"destroyed":false,"defaultEncoding":"utf8","awaitDrain":0,"readingMore":false,"decoder":null,"encoding":null},"readable":true,"domain":null,"_events":{},"_eventsCount":2,"path":"/Users/mac/Documents/koa2-test/dist/4a2c1afa59b9558a8366649bade90836.css","fd":null,"flags":"r","mode":438,"autoClose":true,"bytesRead":0,"closed":false}
*************** response log end ***************

[2018-03-01T16:15:08.476] [INFO] resLogger - 
*************** response log start ***************
request method: GET
request originalUrl:  /4a2c1afa59b9558a8366649bade90836.css?1519892108454
request client ip:  ::1
request query:  {"1519892108454":""}
response time: 10
response status: 200
response body: 
{"_readableState":{"objectMode":false,"highWaterMark":65536,"buffer":{"head":null,"tail":null,"length":0},"length":0,"pipes":null,"pipesCount":0,"flowing":null,"ended":false,"endEmitted":false,"reading":false,"sync":true,"needReadable":false,"emittedReadable":false,"readableListening":false,"resumeScheduled":false,"destroyed":false,"defaultEncoding":"utf8","awaitDrain":0,"readingMore":false,"decoder":null,"encoding":null},"readable":true,"domain":null,"_events":{},"_eventsCount":2,"path":"/Users/mac/Documents/koa2-test/dist/4a2c1afa59b9558a8366649bade90836.css","fd":null,"flags":"r","mode":438,"autoClose":true,"bytesRead":0,"closed":false}
*************** response log end ***************

[2018-03-01T16:15:08.483] [INFO] resLogger - 
*************** response log start ***************
request method: GET
request originalUrl:  /4a2c1afa59b9558a8366649bade90836.css?1519892108455
request client ip:  ::1
request query:  {"1519892108455":""}
response time: 15
response status: 200
response body: 
{"_readableState":{"objectMode":false,"highWaterMark":65536,"buffer":{"head":null,"tail":null,"length":0},"length":0,"pipes":null,"pipesCount":0,"flowing":null,"ended":false,"endEmitted":false,"reading":false,"sync":true,"needReadable":false,"emittedReadable":false,"readableListening":false,"resumeScheduled":false,"destroyed":false,"defaultEncoding":"utf8","awaitDrain":0,"readingMore":false,"decoder":null,"encoding":null},"readable":true,"domain":null,"_events":{},"_eventsCount":2,"path":"/Users/mac/Documents/koa2-test/dist/4a2c1afa59b9558a8366649bade90836.css","fd":null,"flags":"r","mode":438,"autoClose":true,"bytesRead":0,"closed":false}
*************** response log end ***************

[2018-03-01T16:15:08.484] [INFO] resLogger - 
*************** response log start ***************
request method: GET
request originalUrl:  /4a2c1afa59b9558a8366649bade90836.css?1519892108456
request client ip:  ::1
request query:  {"1519892108456":""}
response time: 14
response status: 200
response body: 
{"_readableState":{"objectMode":false,"highWaterMark":65536,"buffer":{"head":null,"tail":null,"length":0},"length":0,"pipes":null,"pipesCount":0,"flowing":null,"ended":false,"endEmitted":false,"reading":false,"sync":true,"needReadable":false,"emittedReadable":false,"readableListening":false,"resumeScheduled":false,"destroyed":false,"defaultEncoding":"utf8","awaitDrain":0,"readingMore":false,"decoder":null,"encoding":null},"readable":true,"domain":null,"_events":{},"_eventsCount":2,"path":"/Users/mac/Documents/koa2-test/dist/4a2c1afa59b9558a8366649bade90836.css","fd":null,"flags":"r","mode":438,"autoClose":true,"bytesRead":0,"closed":false}
*************** response log end ***************

[2018-03-01T16:15:08.485] [INFO] resLogger - 
*************** response log start ***************
request method: GET
request originalUrl:  /4a2c1afa59b9558a8366649bade90836.css?1519892108457
request client ip:  ::1
request query:  {"1519892108457":""}
response time: 14
response status: 200
response body: 
{"_readableState":{"objectMode":false,"highWaterMark":65536,"buffer":{"head":null,"tail":null,"length":0},"length":0,"pipes":null,"pipesCount":0,"flowing":null,"ended":false,"endEmitted":false,"reading":false,"sync":true,"needReadable":false,"emittedReadable":false,"readableListening":false,"resumeScheduled":false,"destroyed":false,"defaultEncoding":"utf8","awaitDrain":0,"readingMore":false,"decoder":null,"encoding":null},"readable":true,"domain":null,"_events":{},"_eventsCount":2,"path":"/Users/mac/Documents/koa2-test/dist/4a2c1afa59b9558a8366649bade90836.css","fd":null,"flags":"r","mode":438,"autoClose":true,"bytesRead":0,"closed":false}
*************** response log end ***************

[2018-03-01T16:15:08.533] [INFO] resLogger - 
*************** response log start ***************
request method: GET
request originalUrl:  /4a2c1afa59b9558a8366649bade90836.css?1519892108461
request client ip:  ::1
request query:  {"1519892108461":""}
response time: 0
response status: 200
response body: 
{"_readableState":{"objectMode":false,"highWaterMark":65536,"buffer":{"head":null,"tail":null,"length":0},"length":0,"pipes":null,"pipesCount":0,"flowing":null,"ended":false,"endEmitted":false,"reading":false,"sync":true,"needReadable":false,"emittedReadable":false,"readableListening":false,"resumeScheduled":false,"destroyed":false,"defaultEncoding":"utf8","awaitDrain":0,"readingMore":false,"decoder":null,"encoding":null},"readable":true,"domain":null,"_events":{},"_eventsCount":2,"path":"/Users/mac/Documents/koa2-test/dist/4a2c1afa59b9558a8366649bade90836.css","fd":null,"flags":"r","mode":438,"autoClose":true,"bytesRead":0,"closed":false}
*************** response log end ***************

[2018-03-01T16:15:08.542] [INFO] resLogger - 
*************** response log start ***************
request method: GET
request originalUrl:  /4a2c1afa59b9558a8366649bade90836.css?1519892108462
request client ip:  ::1
request query:  {"1519892108462":""}
response time: 7
response status: 200
response body: 
{"_readableState":{"objectMode":false,"highWaterMark":65536,"buffer":{"head":null,"tail":null,"length":0},"length":0,"pipes":null,"pipesCount":0,"flowing":null,"ended":false,"endEmitted":false,"reading":false,"sync":true,"needReadable":false,"emittedReadable":false,"readableListening":false,"resumeScheduled":false,"destroyed":false,"defaultEncoding":"utf8","awaitDrain":0,"readingMore":false,"decoder":null,"encoding":null},"readable":true,"domain":null,"_events":{},"_eventsCount":2,"path":"/Users/mac/Documents/koa2-test/dist/4a2c1afa59b9558a8366649bade90836.css","fd":null,"flags":"r","mode":438,"autoClose":true,"bytesRead":0,"closed":false}
*************** response log end ***************

[2018-03-01T16:15:08.547] [INFO] resLogger - 
*************** response log start ***************
request method: GET
request originalUrl:  /4a2c1afa59b9558a8366649bade90836.css?1519892108463
request client ip:  ::1
request query:  {"1519892108463":""}
response time: 7
response status: 200
response body: 
{"_readableState":{"objectMode":false,"highWaterMark":65536,"buffer":{"head":null,"tail":null,"length":0},"length":0,"pipes":null,"pipesCount":0,"flowing":null,"ended":false,"endEmitted":false,"reading":false,"sync":true,"needReadable":false,"emittedReadable":false,"readableListening":false,"resumeScheduled":false,"destroyed":false,"defaultEncoding":"utf8","awaitDrain":0,"readingMore":false,"decoder":null,"encoding":null},"readable":true,"domain":null,"_events":{},"_eventsCount":2,"path":"/Users/mac/Documents/koa2-test/dist/4a2c1afa59b9558a8366649bade90836.css","fd":null,"flags":"r","mode":438,"autoClose":true,"bytesRead":0,"closed":false}
*************** response log end ***************

[2018-03-01T16:15:08.548] [INFO] resLogger - 
*************** response log start ***************
request method: GET
request originalUrl:  /4a2c1afa59b9558a8366649bade90836.css?1519892108464
request client ip:  ::1
request query:  {"1519892108464":""}
response time: 11
response status: 200
response body: 
{"_readableState":{"objectMode":false,"highWaterMark":65536,"buffer":{"head":null,"tail":null,"length":0},"length":0,"pipes":null,"pipesCount":0,"flowing":null,"ended":false,"endEmitted":false,"reading":false,"sync":true,"needReadable":false,"emittedReadable":false,"readableListening":false,"resumeScheduled":false,"destroyed":false,"defaultEncoding":"utf8","awaitDrain":0,"readingMore":false,"decoder":null,"encoding":null},"readable":true,"domain":null,"_events":{},"_eventsCount":2,"path":"/Users/mac/Documents/koa2-test/dist/4a2c1afa59b9558a8366649bade90836.css","fd":null,"flags":"r","mode":438,"autoClose":true,"bytesRead":0,"closed":false}
*************** response log end ***************

[2018-03-01T16:15:08.549] [INFO] resLogger - 
*************** response log start ***************
request method: GET
request originalUrl:  /4a2c1afa59b9558a8366649bade90836.css?1519892108465
request client ip:  ::1
request query:  {"1519892108465":""}
response time: 10
response status: 200
response body: 
{"_readableState":{"objectMode":false,"highWaterMark":65536,"buffer":{"head":null,"tail":null,"length":0},"length":0,"pipes":null,"pipesCount":0,"flowing":null,"ended":false,"endEmitted":false,"reading":false,"sync":true,"needReadable":false,"emittedReadable":false,"readableListening":false,"resumeScheduled":false,"destroyed":false,"defaultEncoding":"utf8","awaitDrain":0,"readingMore":false,"decoder":null,"encoding":null},"readable":true,"domain":null,"_events":{},"_eventsCount":2,"path":"/Users/mac/Documents/koa2-test/dist/4a2c1afa59b9558a8366649bade90836.css","fd":null,"flags":"r","mode":438,"autoClose":true,"bytesRead":0,"closed":false}
*************** response log end ***************

[2018-03-01T16:15:08.550] [INFO] resLogger - 
*************** response log start ***************
request method: GET
request originalUrl:  /4a2c1afa59b9558a8366649bade90836.css?1519892108466
request client ip:  ::1
request query:  {"1519892108466":""}
response time: 10
response status: 200
response body: 
{"_readableState":{"objectMode":false,"highWaterMark":65536,"buffer":{"head":null,"tail":null,"length":0},"length":0,"pipes":null,"pipesCount":0,"flowing":null,"ended":false,"endEmitted":false,"reading":false,"sync":true,"needReadable":false,"emittedReadable":false,"readableListening":false,"resumeScheduled":false,"destroyed":false,"defaultEncoding":"utf8","awaitDrain":0,"readingMore":false,"decoder":null,"encoding":null},"readable":true,"domain":null,"_events":{},"_eventsCount":2,"path":"/Users/mac/Documents/koa2-test/dist/4a2c1afa59b9558a8366649bade90836.css","fd":null,"flags":"r","mode":438,"autoClose":true,"bytesRead":0,"closed":false}
*************** response log end ***************

[2018-03-01T16:15:08.551] [INFO] resLogger - 
*************** response log start ***************
request method: GET
request originalUrl:  /4a2c1afa59b9558a8366649bade90836.css?1519892108467
request client ip:  ::1
request query:  {"1519892108467":""}
response time: 11
response status: 200
response body: 
{"_readableState":{"objectMode":false,"highWaterMark":65536,"buffer":{"head":null,"tail":null,"length":0},"length":0,"pipes":null,"pipesCount":0,"flowing":null,"ended":false,"endEmitted":false,"reading":false,"sync":true,"needReadable":false,"emittedReadable":false,"readableListening":false,"resumeScheduled":false,"destroyed":false,"defaultEncoding":"utf8","awaitDrain":0,"readingMore":false,"decoder":null,"encoding":null},"readable":true,"domain":null,"_events":{},"_eventsCount":2,"path":"/Users/mac/Documents/koa2-test/dist/4a2c1afa59b9558a8366649bade90836.css","fd":null,"flags":"r","mode":438,"autoClose":true,"bytesRead":0,"closed":false}
*************** response log end ***************

[2018-03-01T16:15:08.751] [INFO] resLogger - 
*************** response log start ***************
request method: GET
request originalUrl:  /4a2c1afa59b9558a8366649bade90836.css?1519892108468
request client ip:  ::1
request query:  {"1519892108468":""}
response time: 25
response status: 200
response body: 
{"_readableState":{"objectMode":false,"highWaterMark":65536,"buffer":{"head":null,"tail":null,"length":0},"length":0,"pipes":null,"pipesCount":0,"flowing":null,"ended":false,"endEmitted":false,"reading":false,"sync":true,"needReadable":false,"emittedReadable":false,"readableListening":false,"resumeScheduled":false,"destroyed":false,"defaultEncoding":"utf8","awaitDrain":0,"readingMore":false,"decoder":null,"encoding":null},"readable":true,"domain":null,"_events":{},"_eventsCount":2,"path":"/Users/mac/Documents/koa2-test/dist/4a2c1afa59b9558a8366649bade90836.css","fd":null,"flags":"r","mode":438,"autoClose":true,"bytesRead":0,"closed":false}
*************** response log end ***************

[2018-03-01T16:15:08.753] [INFO] resLogger - 
*************** response log start ***************
request method: GET
request originalUrl:  /4a2c1afa59b9558a8366649bade90836.css?1519892108475
request client ip:  ::1
request query:  {"1519892108475":""}
response time: 17
response status: 200
response body: 
{"_readableState":{"objectMode":false,"highWaterMark":65536,"buffer":{"head":null,"tail":null,"length":0},"length":0,"pipes":null,"pipesCount":0,"flowing":null,"ended":false,"endEmitted":false,"reading":false,"sync":true,"needReadable":false,"emittedReadable":false,"readableListening":false,"resumeScheduled":false,"destroyed":false,"defaultEncoding":"utf8","awaitDrain":0,"readingMore":false,"decoder":null,"encoding":null},"readable":true,"domain":null,"_events":{},"_eventsCount":2,"path":"/Users/mac/Documents/koa2-test/dist/4a2c1afa59b9558a8366649bade90836.css","fd":null,"flags":"r","mode":438,"autoClose":true,"bytesRead":0,"closed":false}
*************** response log end ***************

[2018-03-01T16:15:08.754] [INFO] resLogger - 
*************** response log start ***************
request method: GET
request originalUrl:  /4a2c1afa59b9558a8366649bade90836.css?1519892108476
request client ip:  ::1
request query:  {"1519892108476":""}
response time: 11
response status: 200
response body: 
{"_readableState":{"objectMode":false,"highWaterMark":65536,"buffer":{"head":null,"tail":null,"length":0},"length":0,"pipes":null,"pipesCount":0,"flowing":null,"ended":false,"endEmitted":false,"reading":false,"sync":true,"needReadable":false,"emittedReadable":false,"readableListening":false,"resumeScheduled":false,"destroyed":false,"defaultEncoding":"utf8","awaitDrain":0,"readingMore":false,"decoder":null,"encoding":null},"readable":true,"domain":null,"_events":{},"_eventsCount":2,"path":"/Users/mac/Documents/koa2-test/dist/4a2c1afa59b9558a8366649bade90836.css","fd":null,"flags":"r","mode":438,"autoClose":true,"bytesRead":0,"closed":false}
*************** response log end ***************

[2018-03-01T16:15:08.755] [INFO] resLogger - 
*************** response log start ***************
request method: GET
request originalUrl:  /4a2c1afa59b9558a8366649bade90836.css?1519892108480
request client ip:  ::1
request query:  {"1519892108480":""}
response time: 7
response status: 200
response body: 
{"_readableState":{"objectMode":false,"highWaterMark":65536,"buffer":{"head":null,"tail":null,"length":0},"length":0,"pipes":null,"pipesCount":0,"flowing":null,"ended":false,"endEmitted":false,"reading":false,"sync":true,"needReadable":false,"emittedReadable":false,"readableListening":false,"resumeScheduled":false,"destroyed":false,"defaultEncoding":"utf8","awaitDrain":0,"readingMore":false,"decoder":null,"encoding":null},"readable":true,"domain":null,"_events":{},"_eventsCount":2,"path":"/Users/mac/Documents/koa2-test/dist/4a2c1afa59b9558a8366649bade90836.css","fd":null,"flags":"r","mode":438,"autoClose":true,"bytesRead":0,"closed":false}
*************** response log end ***************

[2018-03-01T16:15:08.762] [INFO] resLogger - 
*************** response log start ***************
request method: GET
request originalUrl:  /4a2c1afa59b9558a8366649bade90836.css?1519892108481
request client ip:  ::1
request query:  {"1519892108481":""}
response time: 4
response status: 200
response body: 
{"_readableState":{"objectMode":false,"highWaterMark":65536,"buffer":{"head":null,"tail":null,"length":0},"length":0,"pipes":null,"pipesCount":0,"flowing":null,"ended":false,"endEmitted":false,"reading":false,"sync":true,"needReadable":false,"emittedReadable":false,"readableListening":false,"resumeScheduled":false,"destroyed":false,"defaultEncoding":"utf8","awaitDrain":0,"readingMore":false,"decoder":null,"encoding":null},"readable":true,"domain":null,"_events":{},"_eventsCount":2,"path":"/Users/mac/Documents/koa2-test/dist/4a2c1afa59b9558a8366649bade90836.css","fd":null,"flags":"r","mode":438,"autoClose":true,"bytesRead":0,"closed":false}
*************** response log end ***************

[2018-03-01T16:15:08.763] [INFO] resLogger - 
*************** response log start ***************
request method: GET
request originalUrl:  /4a2c1afa59b9558a8366649bade90836.css?1519892108482
request client ip:  ::1
request query:  {"1519892108482":""}
response time: 4
response status: 200
response body: 
{"_readableState":{"objectMode":false,"highWaterMark":65536,"buffer":{"head":null,"tail":null,"length":0},"length":0,"pipes":null,"pipesCount":0,"flowing":null,"ended":false,"endEmitted":false,"reading":false,"sync":true,"needReadable":false,"emittedReadable":false,"readableListening":false,"resumeScheduled":false,"destroyed":false,"defaultEncoding":"utf8","awaitDrain":0,"readingMore":false,"decoder":null,"encoding":null},"readable":true,"domain":null,"_events":{},"_eventsCount":2,"path":"/Users/mac/Documents/koa2-test/dist/4a2c1afa59b9558a8366649bade90836.css","fd":null,"flags":"r","mode":438,"autoClose":true,"bytesRead":0,"closed":false}
*************** response log end ***************

[2018-03-01T16:15:08.773] [INFO] resLogger - 
*************** response log start ***************
request method: GET
request originalUrl:  /4a2c1afa59b9558a8366649bade90836.css?1519892108483
request client ip:  ::1
request query:  {"1519892108483":""}
response time: 3
response status: 200
response body: 
{"_readableState":{"objectMode":false,"highWaterMark":65536,"buffer":{"head":null,"tail":null,"length":0},"length":0,"pipes":null,"pipesCount":0,"flowing":null,"ended":false,"endEmitted":false,"reading":false,"sync":true,"needReadable":false,"emittedReadable":false,"readableListening":false,"resumeScheduled":false,"destroyed":false,"defaultEncoding":"utf8","awaitDrain":0,"readingMore":false,"decoder":null,"encoding":null},"readable":true,"domain":null,"_events":{},"_eventsCount":2,"path":"/Users/mac/Documents/koa2-test/dist/4a2c1afa59b9558a8366649bade90836.css","fd":null,"flags":"r","mode":438,"autoClose":true,"bytesRead":0,"closed":false}
*************** response log end ***************

[2018-03-01T16:15:08.774] [INFO] resLogger - 
*************** response log start ***************
request method: GET
request originalUrl:  /4a2c1afa59b9558a8366649bade90836.css?1519892108484
request client ip:  ::1
request query:  {"1519892108484":""}
response time: 3
response status: 200
response body: 
{"_readableState":{"objectMode":false,"highWaterMark":65536,"buffer":{"head":null,"tail":null,"length":0},"length":0,"pipes":null,"pipesCount":0,"flowing":null,"ended":false,"endEmitted":false,"reading":false,"sync":true,"needReadable":false,"emittedReadable":false,"readableListening":false,"resumeScheduled":false,"destroyed":false,"defaultEncoding":"utf8","awaitDrain":0,"readingMore":false,"decoder":null,"encoding":null},"readable":true,"domain":null,"_events":{},"_eventsCount":2,"path":"/Users/mac/Documents/koa2-test/dist/4a2c1afa59b9558a8366649bade90836.css","fd":null,"flags":"r","mode":438,"autoClose":true,"bytesRead":0,"closed":false}
*************** response log end ***************

[2018-03-01T16:15:08.775] [INFO] resLogger - 
*************** response log start ***************
request method: GET
request originalUrl:  /4a2c1afa59b9558a8366649bade90836.css?1519892108485
request client ip:  ::1
request query:  {"1519892108485":""}
response time: 3
response status: 200
response body: 
{"_readableState":{"objectMode":false,"highWaterMark":65536,"buffer":{"head":null,"tail":null,"length":0},"length":0,"pipes":null,"pipesCount":0,"flowing":null,"ended":false,"endEmitted":false,"reading":false,"sync":true,"needReadable":false,"emittedReadable":false,"readableListening":false,"resumeScheduled":false,"destroyed":false,"defaultEncoding":"utf8","awaitDrain":0,"readingMore":false,"decoder":null,"encoding":null},"readable":true,"domain":null,"_events":{},"_eventsCount":2,"path":"/Users/mac/Documents/koa2-test/dist/4a2c1afa59b9558a8366649bade90836.css","fd":null,"flags":"r","mode":438,"autoClose":true,"bytesRead":0,"closed":false}
*************** response log end ***************

[2018-03-01T16:15:08.775] [INFO] resLogger - 
*************** response log start ***************
request method: GET
request originalUrl:  /4a2c1afa59b9558a8366649bade90836.css?1519892108486
request client ip:  ::1
request query:  {"1519892108486":""}
response time: 4
response status: 200
response body: 
{"_readableState":{"objectMode":false,"highWaterMark":65536,"buffer":{"head":null,"tail":null,"length":0},"length":0,"pipes":null,"pipesCount":0,"flowing":null,"ended":false,"endEmitted":false,"reading":false,"sync":true,"needReadable":false,"emittedReadable":false,"readableListening":false,"resumeScheduled":false,"destroyed":false,"defaultEncoding":"utf8","awaitDrain":0,"readingMore":false,"decoder":null,"encoding":null},"readable":true,"domain":null,"_events":{},"_eventsCount":2,"path":"/Users/mac/Documents/koa2-test/dist/4a2c1afa59b9558a8366649bade90836.css","fd":null,"flags":"r","mode":438,"autoClose":true,"bytesRead":0,"closed":false}
*************** response log end ***************

[2018-03-01T16:15:08.842] [INFO] resLogger - 
*************** response log start ***************
request method: GET
request originalUrl:  /4a2c1afa59b9558a8366649bade90836.css?1519892108487
request client ip:  ::1
request query:  {"1519892108487":""}
response time: 65
response status: 200
response body: 
{"_readableState":{"objectMode":false,"highWaterMark":65536,"buffer":{"head":null,"tail":null,"length":0},"length":0,"pipes":null,"pipesCount":0,"flowing":null,"ended":false,"endEmitted":false,"reading":false,"sync":true,"needReadable":false,"emittedReadable":false,"readableListening":false,"resumeScheduled":false,"destroyed":false,"defaultEncoding":"utf8","awaitDrain":0,"readingMore":false,"decoder":null,"encoding":null},"readable":true,"domain":null,"_events":{},"_eventsCount":2,"path":"/Users/mac/Documents/koa2-test/dist/4a2c1afa59b9558a8366649bade90836.css","fd":null,"flags":"r","mode":438,"autoClose":true,"bytesRead":0,"closed":false}
*************** response log end ***************

[2018-03-01T16:15:08.855] [INFO] resLogger - 
*************** response log start ***************
request method: GET
request originalUrl:  /4a2c1afa59b9558a8366649bade90836.css?1519892108488
request client ip:  ::1
request query:  {"1519892108488":""}
response time: 20
response status: 200
response body: 
{"_readableState":{"objectMode":false,"highWaterMark":65536,"buffer":{"head":null,"tail":null,"length":0},"length":0,"pipes":null,"pipesCount":0,"flowing":null,"ended":false,"endEmitted":false,"reading":false,"sync":true,"needReadable":false,"emittedReadable":false,"readableListening":false,"resumeScheduled":false,"destroyed":false,"defaultEncoding":"utf8","awaitDrain":0,"readingMore":false,"decoder":null,"encoding":null},"readable":true,"domain":null,"_events":{},"_eventsCount":2,"path":"/Users/mac/Documents/koa2-test/dist/4a2c1afa59b9558a8366649bade90836.css","fd":null,"flags":"r","mode":438,"autoClose":true,"bytesRead":0,"closed":false}
*************** response log end ***************

[2018-03-01T16:15:08.862] [INFO] resLogger - 
*************** response log start ***************
request method: GET
request originalUrl:  /4a2c1afa59b9558a8366649bade90836.css?1519892108489
request client ip:  ::1
request query:  {"1519892108489":""}
response time: 6
response status: 200
response body: 
{"_readableState":{"objectMode":false,"highWaterMark":65536,"buffer":{"head":null,"tail":null,"length":0},"length":0,"pipes":null,"pipesCount":0,"flowing":null,"ended":false,"endEmitted":false,"reading":false,"sync":true,"needReadable":false,"emittedReadable":false,"readableListening":false,"resumeScheduled":false,"destroyed":false,"defaultEncoding":"utf8","awaitDrain":0,"readingMore":false,"decoder":null,"encoding":null},"readable":true,"domain":null,"_events":{},"_eventsCount":2,"path":"/Users/mac/Documents/koa2-test/dist/4a2c1afa59b9558a8366649bade90836.css","fd":null,"flags":"r","mode":438,"autoClose":true,"bytesRead":0,"closed":false}
*************** response log end ***************

[2018-03-01T16:15:08.863] [INFO] resLogger - 
*************** response log start ***************
request method: GET
request originalUrl:  /4a2c1afa59b9558a8366649bade90836.css?1519892108497
request client ip:  ::1
request query:  {"1519892108497":""}
response time: 6
response status: 200
response body: 
{"_readableState":{"objectMode":false,"highWaterMark":65536,"buffer":{"head":null,"tail":null,"length":0},"length":0,"pipes":null,"pipesCount":0,"flowing":null,"ended":false,"endEmitted":false,"reading":false,"sync":true,"needReadable":false,"emittedReadable":false,"readableListening":false,"resumeScheduled":false,"destroyed":false,"defaultEncoding":"utf8","awaitDrain":0,"readingMore":false,"decoder":null,"encoding":null},"readable":true,"domain":null,"_events":{},"_eventsCount":2,"path":"/Users/mac/Documents/koa2-test/dist/4a2c1afa59b9558a8366649bade90836.css","fd":null,"flags":"r","mode":438,"autoClose":true,"bytesRead":0,"closed":false}
*************** response log end ***************

[2018-03-01T16:15:08.865] [INFO] resLogger - 
*************** response log start ***************
request method: GET
request originalUrl:  /4a2c1afa59b9558a8366649bade90836.css?1519892108498
request client ip:  ::1
request query:  {"1519892108498":""}
response time: 4
response status: 200
response body: 
{"_readableState":{"objectMode":false,"highWaterMark":65536,"buffer":{"head":null,"tail":null,"length":0},"length":0,"pipes":null,"pipesCount":0,"flowing":null,"ended":false,"endEmitted":false,"reading":false,"sync":true,"needReadable":false,"emittedReadable":false,"readableListening":false,"resumeScheduled":false,"destroyed":false,"defaultEncoding":"utf8","awaitDrain":0,"readingMore":false,"decoder":null,"encoding":null},"readable":true,"domain":null,"_events":{},"_eventsCount":2,"path":"/Users/mac/Documents/koa2-test/dist/4a2c1afa59b9558a8366649bade90836.css","fd":null,"flags":"r","mode":438,"autoClose":true,"bytesRead":0,"closed":false}
*************** response log end ***************

[2018-03-01T16:17:43.423] [INFO] resLogger - 
*************** response log start ***************
request method: GET
request originalUrl:  /
request client ip:  ::1
request query:  {}
response time: 18
response status: 200
response body: 
{"_readableState":{"objectMode":false,"highWaterMark":65536,"buffer":{"head":null,"tail":null,"length":0},"length":0,"pipes":null,"pipesCount":0,"flowing":null,"ended":false,"endEmitted":false,"reading":false,"sync":true,"needReadable":false,"emittedReadable":false,"readableListening":false,"resumeScheduled":false,"destroyed":false,"defaultEncoding":"utf8","awaitDrain":0,"readingMore":false,"decoder":null,"encoding":null},"readable":true,"domain":null,"_events":{},"_eventsCount":2,"path":"/Users/mac/Documents/koa2-test/dist/index.html","fd":null,"flags":"r","mode":438,"autoClose":true,"bytesRead":0,"closed":false}
*************** response log end ***************

[2018-03-01T16:17:43.479] [INFO] resLogger - 
*************** response log start ***************
request method: GET
request originalUrl:  /4a2c1afa59b9558a8366649bade90836.css
request client ip:  ::1
request query:  {}
response time: 2
response status: 200
response body: 
{"_readableState":{"objectMode":false,"highWaterMark":65536,"buffer":{"head":null,"tail":null,"length":0},"length":0,"pipes":null,"pipesCount":0,"flowing":null,"ended":false,"endEmitted":false,"reading":false,"sync":true,"needReadable":false,"emittedReadable":false,"readableListening":false,"resumeScheduled":false,"destroyed":false,"defaultEncoding":"utf8","awaitDrain":0,"readingMore":false,"decoder":null,"encoding":null},"readable":true,"domain":null,"_events":{},"_eventsCount":2,"path":"/Users/mac/Documents/koa2-test/dist/4a2c1afa59b9558a8366649bade90836.css","fd":null,"flags":"r","mode":438,"autoClose":true,"bytesRead":0,"closed":false}
*************** response log end ***************

[2018-03-01T16:17:43.479] [INFO] resLogger - 
*************** response log start ***************
request method: GET
request originalUrl:  /4a2c1afa59b9558a8366649bade90836.js
request client ip:  ::1
request query:  {}
response time: 1
response status: 200
response body: 
{"_readableState":{"objectMode":false,"highWaterMark":65536,"buffer":{"head":null,"tail":null,"length":0},"length":0,"pipes":null,"pipesCount":0,"flowing":null,"ended":false,"endEmitted":false,"reading":false,"sync":true,"needReadable":false,"emittedReadable":false,"readableListening":false,"resumeScheduled":false,"destroyed":false,"defaultEncoding":"utf8","awaitDrain":0,"readingMore":false,"decoder":null,"encoding":null},"readable":true,"domain":null,"_events":{},"_eventsCount":2,"path":"/Users/mac/Documents/koa2-test/dist/4a2c1afa59b9558a8366649bade90836.js","fd":null,"flags":"r","mode":438,"autoClose":true,"bytesRead":0,"closed":false}
*************** response log end ***************

[2018-03-01T16:17:48.479] [INFO] resLogger - 
*************** response log start ***************
request method: GET
request originalUrl:  /4a2c1afa59b9558a8366649bade90836.css
request client ip:  ::1
request query:  {}
response time: 2
response status: 200
response body: 
{"_readableState":{"objectMode":false,"highWaterMark":65536,"buffer":{"head":null,"tail":null,"length":0},"length":0,"pipes":null,"pipesCount":0,"flowing":null,"ended":false,"endEmitted":false,"reading":false,"sync":true,"needReadable":false,"emittedReadable":false,"readableListening":false,"resumeScheduled":false,"destroyed":false,"defaultEncoding":"utf8","awaitDrain":0,"readingMore":false,"decoder":null,"encoding":null},"readable":true,"domain":null,"_events":{},"_eventsCount":2,"path":"/Users/mac/Documents/koa2-test/dist/4a2c1afa59b9558a8366649bade90836.css","fd":null,"flags":"r","mode":438,"autoClose":true,"bytesRead":0,"closed":false}
*************** response log end ***************

[2018-03-01T16:17:48.598] [INFO] resLogger - 
*************** response log start ***************
request method: GET
request originalUrl:  /4a2c1afa59b9558a8366649bade90836.map
request client ip:  ::1
request query:  {}
response time: 1
response status: 200
response body: 
{"_readableState":{"objectMode":false,"highWaterMark":65536,"buffer":{"head":null,"tail":null,"length":0},"length":0,"pipes":null,"pipesCount":0,"flowing":null,"ended":false,"endEmitted":false,"reading":false,"sync":true,"needReadable":false,"emittedReadable":false,"readableListening":false,"resumeScheduled":false,"destroyed":false,"defaultEncoding":"utf8","awaitDrain":0,"readingMore":false,"decoder":null,"encoding":null},"readable":true,"domain":null,"_events":{},"_eventsCount":2,"path":"/Users/mac/Documents/koa2-test/dist/4a2c1afa59b9558a8366649bade90836.map","fd":null,"flags":"r","mode":438,"autoClose":true,"bytesRead":0,"closed":false}
*************** response log end ***************

