[2018-02-10T18:00:28.062] [INFO] resLogger - 
*************** response log start ***************
request method: GET
request originalUrl:  /users/bar
request client ip:  ::1
request query:  {}
response time: 6
response status: 404
response body: 
undefined
*************** response log end ***************

[2018-02-10T18:01:00.703] [INFO] resLogger - 
*************** response log start ***************
request method: GET
request originalUrl:  /users/bar
request client ip:  ::1
request query:  {}
response time: 7
response status: 404
response body: 
undefined
*************** response log end ***************

[2018-02-10T18:01:06.118] [INFO] resLogger - 
*************** response log start ***************
request method: GET
request originalUrl:  /users
request client ip:  ::1
request query:  {}
response time: 629
response status: 200
response body: 
"<!DOCTYPE html><html><head><title></title><link rel=\"stylesheet\" href=\"/stylesheets/style.css\"></head><body><h1></h1><p>Welcome to </p><ul></ul><li> <a href=\"/users/modify?id=5a7ec26b852856a1baf69fd1\">{ pay: 1000,\n  meta: \n   { createAt: 2018-02-10T09:59:07.200Z,\n     updateAt: 2018-02-10T09:59:07.200Z },\n  _id: 5a7ec26b852856a1baf69fd1,\n  name: 'yuanlue',\n  tel: '18066537156',\n  __v: 0 }</a></li><li> <a href=\"/users/modify?id=5a7ec2bce07609a1d1d51bd5\">{ pay: 1000,\n  meta: \n   { createAt: 2018-02-10T10:00:28.090Z,\n     updateAt: 2018-02-10T10:00:28.090Z },\n  _id: 5a7ec2bce07609a1d1d51bd5,\n  name: 'yuanlue',\n  tel: '18066537156',\n  __v: 0 }</a></li><li> <a href=\"/users/modify?id=5a7ec2dc50b5f5a1dabd39c9\">{ pay: 1000,\n  meta: \n   { createAt: 2018-02-10T10:01:00.718Z,\n     updateAt: 2018-02-10T10:01:00.718Z },\n  _id: 5a7ec2dc50b5f5a1dabd39c9,\n  name: 'yuanlue',\n  tel: '18066537156',\n  __v: 0 }</a></li></body></html>"
*************** response log end ***************

[2018-02-10T18:01:07.265] [ERROR] errorLogger - 
*************** error log start ***************
request method: GET
request originalUrl:  /users/modify?id=5a7ec26b852856a1baf69fd1
request client ip:  ::1
request query:  {"id":"5a7ec26b852856a1baf69fd1"}
response time: 10
err name: TypeError
err message: vistor.save is not a function
err stack: TypeError: vistor.save is not a function
    at router.get (/Users/mac/Documents/koa2-test/routes/users.js:28:9)
    at <anonymous>
    at process._tickCallback (internal/process/next_tick.js:160:7)
*************** error log end ***************

[2018-02-10T18:01:11.163] [ERROR] errorLogger - 
*************** error log start ***************
request method: GET
request originalUrl:  /users/modify?id=5a7ec2dc50b5f5a1dabd39c9
request client ip:  ::1
request query:  {"id":"5a7ec2dc50b5f5a1dabd39c9"}
response time: 3
err name: TypeError
err message: vistor.save is not a function
err stack: TypeError: vistor.save is not a function
    at router.get (/Users/mac/Documents/koa2-test/routes/users.js:28:9)
    at <anonymous>
    at process._tickCallback (internal/process/next_tick.js:160:7)
*************** error log end ***************

[2018-02-10T18:01:47.666] [INFO] resLogger - 
*************** response log start ***************
request method: GET
request originalUrl:  /users/bar
request client ip:  ::1
request query:  {}
response time: 15
response status: 200
response body: 
"添加成功"
*************** response log end ***************

[2018-02-10T18:03:29.645] [INFO] resLogger - 
*************** response log start ***************
request method: GET
request originalUrl:  /users/bar
request client ip:  ::1
request query:  {}
response time: 8
response status: 200
response body: 
"添加成功"
*************** response log end ***************

[2018-02-10T18:04:03.811] [INFO] resLogger - 
*************** response log start ***************
request method: GET
request originalUrl:  /users/bar
request client ip:  ::1
request query:  {}
response time: 7
response status: 404
response body: 
undefined
*************** response log end ***************

[2018-02-10T18:05:14.007] [INFO] resLogger - 
*************** response log start ***************
request method: GET
request originalUrl:  /users/bar
request client ip:  ::1
request query:  {}
response time: 8
response status: 200
response body: 
"修改成功"
*************** response log end ***************

