[2018-02-11T13:03:40.205] [INFO] resLogger - 
*************** response log start ***************
request method: GET
request originalUrl:  /
request client ip:  ::1
request query:  {}
response time: 508
response status: 200
response body: 
"<!DOCTYPE html><html><head><title>Hello Koa 2!</title><link rel=\"stylesheet\" href=\"/stylesheets/style.css\"></head><body><h1>Hello Koa 2!</h1><p>Welcome to Hello Koa 2!</p><ul></ul></body></html>"
*************** response log end ***************

[2018-02-11T13:03:41.819] [INFO] resLogger - 
*************** response log start ***************
request method: GET
request originalUrl:  /
request client ip:  ::1
request query:  {}
response time: 432
response status: 200
response body: 
"<!DOCTYPE html><html><head><title>Hello Koa 2!</title><link rel=\"stylesheet\" href=\"/stylesheets/style.css\"></head><body><h1>Hello Koa 2!</h1><p>Welcome to Hello Koa 2!</p><ul></ul></body></html>"
*************** response log end ***************

[2018-02-11T13:03:41.993] [INFO] resLogger - 
*************** response log start ***************
request method: GET
request originalUrl:  /favicon.ico
request client ip:  ::1
request query:  {}
response time: 0
response status: 404
response body: 
undefined
*************** response log end ***************

[2018-02-11T13:04:01.167] [INFO] resLogger - 
*************** response log start ***************
request method: GET
request originalUrl:  /users
request client ip:  ::1
request query:  {}
response time: 33
response status: 200
response body: 
"<!DOCTYPE html><html><head><title></title><link rel=\"stylesheet\" href=\"/stylesheets/style.css\"></head><body><h1></h1><p>Welcome to </p><ul></ul></body></html>"
*************** response log end ***************

[2018-02-11T13:04:20.251] [INFO] resLogger - 
*************** response log start ***************
request method: GET
request originalUrl:  /users
request client ip:  ::1
request query:  {}
response time: 467
response status: 200
response body: 
"<!DOCTYPE html><html><head><title></title><link rel=\"stylesheet\" href=\"/stylesheets/style.css\"></head><body><h1></h1><p>Welcome to </p><ul></ul></body></html>"
*************** response log end ***************

[2018-02-11T13:05:04.763] [INFO] resLogger - 
*************** response log start ***************
request method: GET
request originalUrl:  /users
request client ip:  ::1
request query:  {}
response time: 415
response status: 200
response body: 
"<!DOCTYPE html><html><head><title></title><link rel=\"stylesheet\" href=\"/stylesheets/style.css\"></head><body><h1></h1><p>Welcome to </p><ul></ul><li> <a href=\"/users/modify?id=5a7fce10bdf71718f897bf52\">{ pay: 0,\n  meta: \n   { createAt: 2018-02-11T05:05:00.783Z,\n     updateAt: 2018-02-11T05:05:00.783Z },\n  _id: 5a7fce10bdf71718f897bf52,\n  name: 'yuanlue' }</a></li></body></html>"
*************** response log end ***************

[2018-02-11T13:05:06.220] [ERROR] errorLogger - 
*************** error log start ***************
request method: GET
request originalUrl:  /users/modify?id=5a7fce10bdf71718f897bf52
request client ip:  ::1
request query:  {"id":"5a7fce10bdf71718f897bf52"}
response time: 9
err name: TypeError
err message: vistor.save is not a function
err stack: TypeError: vistor.save is not a function
    at router.get (/Users/mac/Documents/koa2-test/routes/users.js:23:9)
    at <anonymous>
    at process._tickCallback (internal/process/next_tick.js:160:7)
*************** error log end ***************

[2018-02-11T13:05:56.131] [ERROR] errorLogger - 
*************** error log start ***************
request method: GET
request originalUrl:  /users/modify?id=5a7fce10bdf71718f897bf52
request client ip:  ::1
request query:  {"id":"5a7fce10bdf71718f897bf52"}
response time: 3
err name: TypeError
err message: vistor.save is not a function
err stack: TypeError: vistor.save is not a function
    at router.get (/Users/mac/Documents/koa2-test/routes/users.js:23:9)
    at <anonymous>
    at process._tickCallback (internal/process/next_tick.js:160:7)
*************** error log end ***************

[2018-02-11T13:06:02.150] [INFO] resLogger - 
*************** response log start ***************
request method: GET
request originalUrl:  /users
request client ip:  ::1
request query:  {}
response time: 33
response status: 200
response body: 
"<!DOCTYPE html><html><head><title></title><link rel=\"stylesheet\" href=\"/stylesheets/style.css\"></head><body><h1></h1><p>Welcome to </p><ul></ul><li> <a href=\"/users/modify?id=5a7fce10bdf71718f897bf52\">{ pay: 0,\n  meta: \n   { createAt: 2018-02-11T05:05:00.783Z,\n     updateAt: 2018-02-11T05:05:00.783Z },\n  _id: 5a7fce10bdf71718f897bf52,\n  name: 'yuanlue' }</a></li></body></html>"
*************** response log end ***************

[2018-02-11T13:06:38.086] [INFO] resLogger - 
*************** response log start ***************
request method: GET
request originalUrl:  /users/bar
request client ip:  ::1
request query:  {}
response time: 2
response status: 200
response body: 
"修改成功"
*************** response log end ***************

