[2018-03-01T20:01:24.843] [INFO] resLogger - 
*************** response log start ***************
request method: GET
request originalUrl:  /
request client ip:  ::1
request query:  {}
response time: 2
response status: 404
response body: 
undefined
*************** response log end ***************

[2018-03-01T20:01:27.817] [INFO] resLogger - 
*************** response log start ***************
request method: GET
request originalUrl:  /
request client ip:  ::1
request query:  {}
response time: 0
response status: 404
response body: 
undefined
*************** response log end ***************

[2018-03-01T20:03:32.736] [INFO] resLogger - 
*************** response log start ***************
request method: GET
request originalUrl:  /
request client ip:  ::1
request query:  {}
response time: 11
response status: 200
response body: 
{"_readableState":{"objectMode":false,"highWaterMark":65536,"buffer":{"head":null,"tail":null,"length":0},"length":0,"pipes":null,"pipesCount":0,"flowing":null,"ended":false,"endEmitted":false,"reading":false,"sync":true,"needReadable":false,"emittedReadable":false,"readableListening":false,"resumeScheduled":false,"destroyed":false,"defaultEncoding":"utf8","awaitDrain":0,"readingMore":false,"decoder":null,"encoding":null},"readable":true,"domain":null,"_events":{},"_eventsCount":2,"path":"/Users/mac/Documents/koa2-test/dist/index.html","fd":null,"flags":"r","mode":438,"autoClose":true,"bytesRead":0,"closed":false}
*************** response log end ***************

[2018-03-01T20:03:32.778] [INFO] resLogger - 
*************** response log start ***************
request method: GET
request originalUrl:  /09dcaa2ec5d67141de6784d1fa13fa8e.css
request client ip:  ::1
request query:  {}
response time: 4
response status: 200
response body: 
{"_readableState":{"objectMode":false,"highWaterMark":65536,"buffer":{"head":null,"tail":null,"length":0},"length":0,"pipes":null,"pipesCount":0,"flowing":null,"ended":false,"endEmitted":false,"reading":false,"sync":true,"needReadable":false,"emittedReadable":false,"readableListening":false,"resumeScheduled":false,"destroyed":false,"defaultEncoding":"utf8","awaitDrain":0,"readingMore":false,"decoder":null,"encoding":null},"readable":true,"domain":null,"_events":{},"_eventsCount":2,"path":"/Users/mac/Documents/koa2-test/dist/09dcaa2ec5d67141de6784d1fa13fa8e.css","fd":null,"flags":"r","mode":438,"autoClose":true,"bytesRead":0,"closed":false}
*************** response log end ***************

[2018-03-01T20:03:32.779] [INFO] resLogger - 
*************** response log start ***************
request method: GET
request originalUrl:  /09dcaa2ec5d67141de6784d1fa13fa8e.js
request client ip:  ::1
request query:  {}
response time: 4
response status: 200
response body: 
{"_readableState":{"objectMode":false,"highWaterMark":65536,"buffer":{"head":null,"tail":null,"length":0},"length":0,"pipes":null,"pipesCount":0,"flowing":null,"ended":false,"endEmitted":false,"reading":false,"sync":true,"needReadable":false,"emittedReadable":false,"readableListening":false,"resumeScheduled":false,"destroyed":false,"defaultEncoding":"utf8","awaitDrain":0,"readingMore":false,"decoder":null,"encoding":null},"readable":true,"domain":null,"_events":{},"_eventsCount":2,"path":"/Users/mac/Documents/koa2-test/dist/09dcaa2ec5d67141de6784d1fa13fa8e.js","fd":null,"flags":"r","mode":438,"autoClose":true,"bytesRead":0,"closed":false}
*************** response log end ***************

[2018-03-01T20:03:43.618] [INFO] resLogger - 
*************** response log start ***************
request method: GET
request originalUrl:  /
request client ip:  ::1
request query:  {}
response time: 1
response status: 200
response body: 
{"_readableState":{"objectMode":false,"highWaterMark":65536,"buffer":{"head":null,"tail":null,"length":0},"length":0,"pipes":null,"pipesCount":0,"flowing":null,"ended":false,"endEmitted":false,"reading":false,"sync":true,"needReadable":false,"emittedReadable":false,"readableListening":false,"resumeScheduled":false,"destroyed":false,"defaultEncoding":"utf8","awaitDrain":0,"readingMore":false,"decoder":null,"encoding":null},"readable":true,"domain":null,"_events":{},"_eventsCount":2,"path":"/Users/mac/Documents/koa2-test/dist/index.html","fd":null,"flags":"r","mode":438,"autoClose":true,"bytesRead":0,"closed":false}
*************** response log end ***************

[2018-03-01T20:03:43.662] [INFO] resLogger - 
*************** response log start ***************
request method: GET
request originalUrl:  /09dcaa2ec5d67141de6784d1fa13fa8e.css
request client ip:  ::1
request query:  {}
response time: 1
response status: 200
response body: 
{"_readableState":{"objectMode":false,"highWaterMark":65536,"buffer":{"head":null,"tail":null,"length":0},"length":0,"pipes":null,"pipesCount":0,"flowing":null,"ended":false,"endEmitted":false,"reading":false,"sync":true,"needReadable":false,"emittedReadable":false,"readableListening":false,"resumeScheduled":false,"destroyed":false,"defaultEncoding":"utf8","awaitDrain":0,"readingMore":false,"decoder":null,"encoding":null},"readable":true,"domain":null,"_events":{},"_eventsCount":2,"path":"/Users/mac/Documents/koa2-test/dist/09dcaa2ec5d67141de6784d1fa13fa8e.css","fd":null,"flags":"r","mode":438,"autoClose":true,"bytesRead":0,"closed":false}
*************** response log end ***************

[2018-03-01T20:03:43.663] [INFO] resLogger - 
*************** response log start ***************
request method: GET
request originalUrl:  /09dcaa2ec5d67141de6784d1fa13fa8e.js
request client ip:  ::1
request query:  {}
response time: 1
response status: 200
response body: 
{"_readableState":{"objectMode":false,"highWaterMark":65536,"buffer":{"head":null,"tail":null,"length":0},"length":0,"pipes":null,"pipesCount":0,"flowing":null,"ended":false,"endEmitted":false,"reading":false,"sync":true,"needReadable":false,"emittedReadable":false,"readableListening":false,"resumeScheduled":false,"destroyed":false,"defaultEncoding":"utf8","awaitDrain":0,"readingMore":false,"decoder":null,"encoding":null},"readable":true,"domain":null,"_events":{},"_eventsCount":2,"path":"/Users/mac/Documents/koa2-test/dist/09dcaa2ec5d67141de6784d1fa13fa8e.js","fd":null,"flags":"r","mode":438,"autoClose":true,"bytesRead":0,"closed":false}
*************** response log end ***************

[2018-03-01T20:03:46.302] [INFO] resLogger - 
*************** response log start ***************
request method: GET
request originalUrl:  /09dcaa2ec5d67141de6784d1fa13fa8e.css
request client ip:  ::1
request query:  {}
response time: 0
response status: 200
response body: 
{"_readableState":{"objectMode":false,"highWaterMark":65536,"buffer":{"head":null,"tail":null,"length":0},"length":0,"pipes":null,"pipesCount":0,"flowing":null,"ended":false,"endEmitted":false,"reading":false,"sync":true,"needReadable":false,"emittedReadable":false,"readableListening":false,"resumeScheduled":false,"destroyed":false,"defaultEncoding":"utf8","awaitDrain":0,"readingMore":false,"decoder":null,"encoding":null},"readable":true,"domain":null,"_events":{},"_eventsCount":2,"path":"/Users/mac/Documents/koa2-test/dist/09dcaa2ec5d67141de6784d1fa13fa8e.css","fd":null,"flags":"r","mode":438,"autoClose":true,"bytesRead":0,"closed":false}
*************** response log end ***************

