[2018-02-22T12:30:38.574] [INFO] resLogger - 
*************** response log start ***************
request method: GET
request originalUrl:  /
request client ip:  ::1
request query:  {}
response time: 673
response status: 200
response body: 
"<!DOCTYPE html><html><head><title>Hello Koa 2!</title><link rel=\"stylesheet\" href=\"/stylesheets/style.css\"></head><body><h1>Hello Koa 2!</h1><p>Welcome to Hello Koa 2!</p><ul></ul></body></html>"
*************** response log end ***************

[2018-02-22T12:30:38.748] [INFO] resLogger - 
*************** response log start ***************
request method: GET
request originalUrl:  /favicon.ico
request client ip:  ::1
request query:  {}
response time: 1
response status: 404
response body: 
undefined
*************** response log end ***************

[2018-02-22T12:31:20.508] [INFO] resLogger - 
*************** response log start ***************
request method: GET
request originalUrl:  /users
request client ip:  ::1
request query:  {}
response time: 63
response status: 200
response body: 
"<!DOCTYPE html><html><head><title></title><link rel=\"stylesheet\" href=\"/stylesheets/style.css\"></head><body><h1></h1><p>Welcome to </p><ul></ul><li> <a href=\"/users/modify?id=5a7fce10bdf71718f897bf52\">{ pay: 0,\n  meta: \n   { createAt: 2018-02-22T04:29:56.373Z,\n     updateAt: 2018-02-22T04:29:56.373Z },\n  _id: 5a7fce10bdf71718f897bf52,\n  name: 'yuanlue' }</a></li><li> <a href=\"/users/modify?id=5a7fcf5eacdd2d08b976fbc7\">{ pay: 1000,\n  meta: \n   { createAt: 2018-02-11T05:06:38.092Z,\n     updateAt: 2018-02-11T05:06:38.092Z },\n  _id: 5a7fcf5eacdd2d08b976fbc7,\n  name: 'yuanlue',\n  tel: '18066537156',\n  __v: 0 }</a></li></body></html>"
*************** response log end ***************

